e:\desktop\parsing\work\arceagerparser[ver1.0.1]\x64\debug\arceagerparser.lib
e:\desktop\parsing\work\arceagerparser[ver1.0.1]\x64\debug\arceagerparser.exp
c:\users\wu\appdata\local\temp\irmagent.log
c:\users\wu\appdata\local\intel corporation\remote monitoring\intelremotemon.db
e:\desktop\parsing\work\arceagerparser[ver1.0.1]\arceagerparserproj\x64\debug\cnn.obj
e:\desktop\parsing\work\arceagerparser[ver1.0.1]\arceagerparserproj\x64\debug\conv.obj
e:\desktop\parsing\work\arceagerparser[ver1.0.1]\arceagerparserproj\x64\debug\deep-lstm.obj
e:\desktop\parsing\work\arceagerparser[ver1.0.1]\arceagerparserproj\x64\debug\dict.obj
e:\desktop\parsing\work\arceagerparser[ver1.0.1]\arceagerparserproj\x64\debug\dim.obj
e:\desktop\parsing\work\arceagerparser[ver1.0.1]\arceagerparserproj\x64\debug\exec.obj
e:\desktop\parsing\work\arceagerparser[ver1.0.1]\arceagerparserproj\x64\debug\expr.obj
e:\desktop\parsing\work\arceagerparser[ver1.0.1]\arceagerparserproj\x64\debug\grad-check.obj
e:\desktop\parsing\work\arceagerparser[ver1.0.1]\arceagerparserproj\x64\debug\graph.obj
e:\desktop\parsing\work\arceagerparser[ver1.0.1]\arceagerparserproj\x64\debug\gru.obj
e:\desktop\parsing\work\arceagerparser[ver1.0.1]\arceagerparserproj\x64\debug\init.obj
e:\desktop\parsing\work\arceagerparser[ver1.0.1]\arceagerparserproj\x64\debug\lstm.obj
e:\desktop\parsing\work\arceagerparser[ver1.0.1]\arceagerparserproj\x64\debug\model.obj
e:\desktop\parsing\work\arceagerparser[ver1.0.1]\arceagerparserproj\x64\debug\nodes-common.obj
e:\desktop\parsing\work\arceagerparser[ver1.0.1]\arceagerparserproj\x64\debug\nodes.obj
e:\desktop\parsing\work\arceagerparser[ver1.0.1]\arceagerparserproj\x64\debug\param-nodes.obj
e:\desktop\parsing\work\arceagerparser[ver1.0.1]\arceagerparserproj\x64\debug\rnn-state-machine.obj
e:\desktop\parsing\work\arceagerparser[ver1.0.1]\arceagerparserproj\x64\debug\rnn.obj
e:\desktop\parsing\work\arceagerparser[ver1.0.1]\arceagerparserproj\x64\debug\shadow-params.obj
e:\desktop\parsing\work\arceagerparser[ver1.0.1]\arceagerparserproj\x64\debug\tensor.obj
e:\desktop\parsing\work\arceagerparser[ver1.0.1]\arceagerparserproj\x64\debug\training.obj
e:\desktop\parsing\work\arceagerparser[ver1.0.1]\arceagerparserproj\x64\debug\treelstm.obj
e:\desktop\parsing\work\arceagerparser[ver1.0.1]\arceagerparserproj\x64\debug\common.obj
e:\desktop\parsing\work\arceagerparser[ver1.0.1]\arceagerparserproj\x64\debug\corpus.obj
e:\desktop\parsing\work\arceagerparser[ver1.0.1]\arceagerparserproj\x64\debug\kbestrlstm.obj
e:\desktop\parsing\work\arceagerparser[ver1.0.1]\arceagerparserproj\x64\debug\main.obj
e:\desktop\parsing\work\arceagerparser[ver1.0.1]\arceagerparserproj\x64\debug\parsertester.obj
e:\desktop\parsing\work\arceagerparser[ver1.0.1]\arceagerparserproj\x64\debug\srparser.obj
e:\desktop\parsing\work\arceagerparser[ver1.0.1]\arceagerparserproj\x64\debug\parsertrainer.obj
e:\desktop\parsing\work\arceagerparser[ver1.0.1]\arceagerparserproj\x64\debug\srparserkbest.obj
e:\desktop\parsing\work\arceagerparser[ver1.0.1]\arceagerparserproj\x64\debug\util.obj
e:\desktop\parsing\work\arceagerparser[ver1.0.1]\arceagerparserproj\x64\debug\vc140.pdb
e:\desktop\parsing\work\arceagerparser[ver1.0.1]\arceagerparserproj\x64\debug\treereader.obj
c:\users\wu\appdata\local\temp\lnk{bf59324a-7c5e-4aa7-9a35-93b3996fa647}.tmp
e:\desktop\parsing\work\arceagerparser[ver1.0.1]\x64\debug\arceagerparser.ilk
e:\desktop\parsing\work\arceagerparser[ver1.0.1]\x64\debug\arceagerparser.exe
e:\desktop\parsing\work\arceagerparser[ver1.0.1]\x64\debug\arceagerparser.pdb
e:\desktop\parsing\work\arceagerparser[ver1.0.1]\arceagerparserproj\x64\debug\saxe-init.obj
e:\desktop\parsing\work\arceagerparser[ver1.0.1]\arceagerparserproj\x64\debug\vc120.idb
e:\desktop\parsing\work\arceagerparser[ver1.0.1]\arceagerparserproj\x64\debug\vc120.pdb
e:\desktop\parsing\work\arceagerparser[ver1.0.1]\arceagerparserproj\x64\debug\arceagerparser.tlog\arceagerparser.write.1u.tlog
e:\desktop\parsing\work\arceagerparser[ver1.0.1]\arceagerparserproj\x64\debug\arceagerparser.tlog\icl-intelremotemonserver-intelremotemonagent-intelremotemonagent2.read.1.tlog
e:\desktop\parsing\work\arceagerparser[ver1.0.1]\arceagerparserproj\x64\debug\arceagerparser.tlog\icl-intelremotemonserver-intelremotemonagent-intelremotemonagent2.write.1.tlog
e:\desktop\parsing\work\arceagerparser[ver1.0.1]\arceagerparserproj\x64\debug\arceagerparser.tlog\icl-intelremotemonserver-intelremotemonagent.read.1.tlog
e:\desktop\parsing\work\arceagerparser[ver1.0.1]\arceagerparserproj\x64\debug\arceagerparser.tlog\icl-intelremotemonserver-intelremotemonagent.read.2.tlog
e:\desktop\parsing\work\arceagerparser[ver1.0.1]\arceagerparserproj\x64\debug\arceagerparser.tlog\icl-intelremotemonserver-intelremotemonagent.read.3.tlog
e:\desktop\parsing\work\arceagerparser[ver1.0.1]\arceagerparserproj\x64\debug\arceagerparser.tlog\icl-intelremotemonserver-intelremotemonagent.write.2.tlog
e:\desktop\parsing\work\arceagerparser[ver1.0.1]\arceagerparserproj\x64\debug\arceagerparser.tlog\icl-intelremotemonserver.read.1.tlog
e:\desktop\parsing\work\arceagerparser[ver1.0.1]\arceagerparserproj\x64\debug\arceagerparser.tlog\icl-intelremotemonserver.read.10.tlog
e:\desktop\parsing\work\arceagerparser[ver1.0.1]\arceagerparserproj\x64\debug\arceagerparser.tlog\icl-intelremotemonserver.read.11.tlog
e:\desktop\parsing\work\arceagerparser[ver1.0.1]\arceagerparserproj\x64\debug\arceagerparser.tlog\icl-intelremotemonserver.read.12.tlog
e:\desktop\parsing\work\arceagerparser[ver1.0.1]\arceagerparserproj\x64\debug\arceagerparser.tlog\icl-intelremotemonserver.read.2.tlog
e:\desktop\parsing\work\arceagerparser[ver1.0.1]\arceagerparserproj\x64\debug\arceagerparser.tlog\icl-intelremotemonserver.read.5.tlog
e:\desktop\parsing\work\arceagerparser[ver1.0.1]\arceagerparserproj\x64\debug\arceagerparser.tlog\icl-intelremotemonserver.read.6.tlog
e:\desktop\parsing\work\arceagerparser[ver1.0.1]\arceagerparserproj\x64\debug\arceagerparser.tlog\icl-intelremotemonserver.read.7.tlog
e:\desktop\parsing\work\arceagerparser[ver1.0.1]\arceagerparserproj\x64\debug\arceagerparser.tlog\icl-intelremotemonserver.read.8.tlog
e:\desktop\parsing\work\arceagerparser[ver1.0.1]\arceagerparserproj\x64\debug\arceagerparser.tlog\icl-intelremotemonserver.read.9.tlog
e:\desktop\parsing\work\arceagerparser[ver1.0.1]\arceagerparserproj\x64\debug\arceagerparser.tlog\icl-intelremotemonserver.write.11.tlog
e:\desktop\parsing\work\arceagerparser[ver1.0.1]\arceagerparserproj\x64\debug\arceagerparser.tlog\icl-intelremotemonserver.write.2.tlog
e:\desktop\parsing\work\arceagerparser[ver1.0.1]\arceagerparserproj\x64\debug\arceagerparser.tlog\icl-intelremotemonserver.write.5.tlog
e:\desktop\parsing\work\arceagerparser[ver1.0.1]\arceagerparserproj\x64\debug\arceagerparser.tlog\icl-intelremotemonserver.write.7.tlog
e:\desktop\parsing\work\arceagerparser[ver1.0.1]\arceagerparserproj\x64\debug\arceagerparser.tlog\icl-intelremotemonserver.write.9.tlog
e:\desktop\parsing\work\arceagerparser[ver1.0.1]\arceagerparserproj\x64\debug\arceagerparser.tlog\icl-mcpcom.read.1.tlog
e:\desktop\parsing\work\arceagerparser[ver1.0.1]\arceagerparserproj\x64\debug\arceagerparser.tlog\icl-mcpcom.write.1.tlog
e:\desktop\parsing\work\arceagerparser[ver1.0.1]\arceagerparserproj\x64\debug\arceagerparser.tlog\icl.command.1.tlog
e:\desktop\parsing\work\arceagerparser[ver1.0.1]\arceagerparserproj\x64\debug\arceagerparser.tlog\icl.read.1.tlog
e:\desktop\parsing\work\arceagerparser[ver1.0.1]\arceagerparserproj\x64\debug\arceagerparser.tlog\icl.write.1.tlog
e:\desktop\parsing\work\arceagerparser[ver1.0.1]\arceagerparserproj\x64\debug\arceagerparser.tlog\xilink-link-cvtres.read.1.tlog
e:\desktop\parsing\work\arceagerparser[ver1.0.1]\arceagerparserproj\x64\debug\arceagerparser.tlog\xilink-link-cvtres.write.1.tlog
e:\desktop\parsing\work\arceagerparser[ver1.0.1]\arceagerparserproj\x64\debug\arceagerparser.tlog\xilink-link-rc.read.1.tlog
e:\desktop\parsing\work\arceagerparser[ver1.0.1]\arceagerparserproj\x64\debug\arceagerparser.tlog\xilink-link-rc.write.1.tlog
e:\desktop\parsing\work\arceagerparser[ver1.0.1]\arceagerparserproj\x64\debug\arceagerparser.tlog\xilink-link.22752-cvtres.read.1.tlog
e:\desktop\parsing\work\arceagerparser[ver1.0.1]\arceagerparserproj\x64\debug\arceagerparser.tlog\xilink-link.22752-cvtres.write.1.tlog
e:\desktop\parsing\work\arceagerparser[ver1.0.1]\arceagerparserproj\x64\debug\arceagerparser.tlog\xilink-link.22752-rc.read.1.tlog
e:\desktop\parsing\work\arceagerparser[ver1.0.1]\arceagerparserproj\x64\debug\arceagerparser.tlog\xilink-link.22752-rc.write.1.tlog
e:\desktop\parsing\work\arceagerparser[ver1.0.1]\arceagerparserproj\x64\debug\arceagerparser.tlog\xilink-link.22752.read.1.tlog
e:\desktop\parsing\work\arceagerparser[ver1.0.1]\arceagerparserproj\x64\debug\arceagerparser.tlog\xilink-link.22752.read.2.tlog
e:\desktop\parsing\work\arceagerparser[ver1.0.1]\arceagerparserproj\x64\debug\arceagerparser.tlog\xilink-link.22752.write.1.tlog
e:\desktop\parsing\work\arceagerparser[ver1.0.1]\arceagerparserproj\x64\debug\arceagerparser.tlog\xilink-link.read.1.tlog
e:\desktop\parsing\work\arceagerparser[ver1.0.1]\arceagerparserproj\x64\debug\arceagerparser.tlog\xilink-link.read.2.tlog
e:\desktop\parsing\work\arceagerparser[ver1.0.1]\arceagerparserproj\x64\debug\arceagerparser.tlog\xilink-link.write.1.tlog
e:\desktop\parsing\work\arceagerparser[ver1.0.1]\arceagerparserproj\x64\debug\arceagerparser.tlog\xilink-mcpcom.read.1.tlog
e:\desktop\parsing\work\arceagerparser[ver1.0.1]\arceagerparserproj\x64\debug\arceagerparser.tlog\xilink-mcpcom.write.1.tlog
e:\desktop\parsing\work\arceagerparser[ver1.0.1]\arceagerparserproj\x64\debug\arceagerparser.tlog\xilink.command.1.tlog
e:\desktop\parsing\work\arceagerparser[ver1.0.1]\arceagerparserproj\x64\debug\arceagerparser.tlog\xilink.read.1.tlog
e:\desktop\parsing\work\arceagerparser[ver1.0.1]\arceagerparserproj\x64\debug\arceagerparser.tlog\xilink.write.1.tlog
