e:\desktop\parsing\work\crfparser[ver1.0.0]\x64\debug\crfparser[v0.0.0].lib
e:\desktop\parsing\work\crfparser[ver1.0.0]\x64\debug\crfparser[v0.0.0].exp
c:\users\wu\appdata\local\temp\irmagent.log
e:\desktop\parsing\work\crfparser[ver1.0.0]\crfparser\x64\debug\main.obj
e:\desktop\parsing\work\crfparser[ver1.0.0]\crfparser\x64\debug\eisner.obj
e:\desktop\parsing\work\crfparser[ver1.0.0]\crfparser\x64\debug\vc140.pdb
e:\desktop\parsing\work\crfparser[ver1.0.0]\crfparser\x64\debug\eisnerl.obj
e:\desktop\parsing\work\crfparser[ver1.0.0]\crfparser\x64\debug\encoder.obj
e:\desktop\parsing\work\crfparser[ver1.0.0]\crfparser\x64\debug\cnn.obj
e:\desktop\parsing\work\crfparser[ver1.0.0]\crfparser\x64\debug\conv.obj
e:\desktop\parsing\work\crfparser[ver1.0.0]\crfparser\x64\debug\deep-lstm.obj
e:\desktop\parsing\work\crfparser[ver1.0.0]\crfparser\x64\debug\dict.obj
e:\desktop\parsing\work\crfparser[ver1.0.0]\crfparser\x64\debug\dim.obj
e:\desktop\parsing\work\crfparser[ver1.0.0]\crfparser\x64\debug\exec.obj
e:\desktop\parsing\work\crfparser[ver1.0.0]\crfparser\x64\debug\expr.obj
e:\desktop\parsing\work\crfparser[ver1.0.0]\crfparser\x64\debug\grad-check.obj
e:\desktop\parsing\work\crfparser[ver1.0.0]\crfparser\x64\debug\graph.obj
e:\desktop\parsing\work\crfparser[ver1.0.0]\crfparser\x64\debug\gru.obj
e:\desktop\parsing\work\crfparser[ver1.0.0]\crfparser\x64\debug\init.obj
e:\desktop\parsing\work\crfparser[ver1.0.0]\crfparser\x64\debug\lstm.obj
e:\desktop\parsing\work\crfparser[ver1.0.0]\crfparser\x64\debug\model.obj
e:\desktop\parsing\work\crfparser[ver1.0.0]\crfparser\x64\debug\nodes-common.obj
e:\desktop\parsing\work\crfparser[ver1.0.0]\crfparser\x64\debug\nodes.obj
e:\desktop\parsing\work\crfparser[ver1.0.0]\crfparser\x64\debug\param-nodes.obj
e:\desktop\parsing\work\crfparser[ver1.0.0]\crfparser\x64\debug\rnn-state-machine.obj
e:\desktop\parsing\work\crfparser[ver1.0.0]\crfparser\x64\debug\rnn.obj
e:\desktop\parsing\work\crfparser[ver1.0.0]\crfparser\x64\debug\shadow-params.obj
e:\desktop\parsing\work\crfparser[ver1.0.0]\crfparser\x64\debug\tensor.obj
e:\desktop\parsing\work\crfparser[ver1.0.0]\crfparser\x64\debug\training.obj
e:\desktop\parsing\work\crfparser[ver1.0.0]\crfparser\x64\debug\treelstm.obj
e:\desktop\parsing\work\crfparser[ver1.0.0]\crfparser\x64\debug\locallstm2.obj
e:\desktop\parsing\work\crfparser[ver1.0.0]\crfparser\x64\debug\common.obj
e:\desktop\parsing\work\crfparser[ver1.0.0]\crfparser\x64\debug\layers.obj
e:\desktop\parsing\work\crfparser[ver1.0.0]\crfparser\x64\debug\parser.obj
e:\desktop\parsing\work\crfparser[ver1.0.0]\crfparser\x64\debug\treereader.obj
e:\desktop\parsing\work\crfparser[ver1.0.0]\crfparser\x64\debug\util.obj
c:\users\wu\appdata\local\temp\lnk{1a39e9ba-d087-4d5b-8f4a-e6b8ed52979b}.tmp
c:\users\wu\appdata\local\temp\lnk{abb4b791-a612-4c7b-b4bf-a168046a407b}.tmp
e:\desktop\parsing\work\crfparser[ver1.0.0]\x64\debug\crfparser[v0.0.0].exe
e:\desktop\parsing\work\crfparser[ver1.0.0]\x64\debug\crfparser[v0.0.0].pdb
e:\desktop\parsing\work\crfparser[ver1.0.0]\crfparser\x64\debug\parsertester.obj
e:\desktop\parsing\work\crfparser[ver1.0.0]\crfparser\x64\debug\parsertrainer.obj
e:\desktop\parsing\work\crfparser[ver1.0.0]\crfparser\x64\debug\predicttreeembedding.obj
e:\desktop\parsing\work\crfparser[ver1.0.0]\crfparser\x64\debug\srparser.obj
e:\desktop\parsing\work\crfparser[ver1.0.0]\crfparser\x64\debug\vc140.idb
e:\desktop\parsing\work\crfparser[ver1.0.0]\crfparser\x64\debug\crfparse.3079ffbc.tlog\crfparser[v0.0.0].write.1u.tlog
e:\desktop\parsing\work\crfparser[ver1.0.0]\crfparser\x64\debug\crfparse.3079ffbc.tlog\icl-intelremotemonserver-intelremotemonagent-intelremotemonagent2.read.1.tlog
e:\desktop\parsing\work\crfparser[ver1.0.0]\crfparser\x64\debug\crfparse.3079ffbc.tlog\icl-intelremotemonserver-intelremotemonagent-intelremotemonagent2.write.1.tlog
e:\desktop\parsing\work\crfparser[ver1.0.0]\crfparser\x64\debug\crfparse.3079ffbc.tlog\icl-intelremotemonserver-intelremotemonagent.read.1.tlog
e:\desktop\parsing\work\crfparser[ver1.0.0]\crfparser\x64\debug\crfparse.3079ffbc.tlog\icl-intelremotemonserver-intelremotemonagent.read.2.tlog
e:\desktop\parsing\work\crfparser[ver1.0.0]\crfparser\x64\debug\crfparse.3079ffbc.tlog\icl-intelremotemonserver-intelremotemonagent.read.3.tlog
e:\desktop\parsing\work\crfparser[ver1.0.0]\crfparser\x64\debug\crfparse.3079ffbc.tlog\icl-intelremotemonserver-intelremotemonagent.write.2.tlog
e:\desktop\parsing\work\crfparser[ver1.0.0]\crfparser\x64\debug\crfparse.3079ffbc.tlog\icl-intelremotemonserver.read.1.tlog
e:\desktop\parsing\work\crfparser[ver1.0.0]\crfparser\x64\debug\crfparse.3079ffbc.tlog\icl-intelremotemonserver.read.10.tlog
e:\desktop\parsing\work\crfparser[ver1.0.0]\crfparser\x64\debug\crfparse.3079ffbc.tlog\icl-intelremotemonserver.read.14.tlog
e:\desktop\parsing\work\crfparser[ver1.0.0]\crfparser\x64\debug\crfparse.3079ffbc.tlog\icl-intelremotemonserver.read.15.tlog
e:\desktop\parsing\work\crfparser[ver1.0.0]\crfparser\x64\debug\crfparse.3079ffbc.tlog\icl-intelremotemonserver.read.2.tlog
e:\desktop\parsing\work\crfparser[ver1.0.0]\crfparser\x64\debug\crfparse.3079ffbc.tlog\icl-intelremotemonserver.read.9.tlog
e:\desktop\parsing\work\crfparser[ver1.0.0]\crfparser\x64\debug\crfparse.3079ffbc.tlog\icl-intelremotemonserver.write.14.tlog
e:\desktop\parsing\work\crfparser[ver1.0.0]\crfparser\x64\debug\crfparse.3079ffbc.tlog\icl-intelremotemonserver.write.2.tlog
e:\desktop\parsing\work\crfparser[ver1.0.0]\crfparser\x64\debug\crfparse.3079ffbc.tlog\icl-intelremotemonserver.write.9.tlog
e:\desktop\parsing\work\crfparser[ver1.0.0]\crfparser\x64\debug\crfparse.3079ffbc.tlog\icl-mcpcom.read.1.tlog
e:\desktop\parsing\work\crfparser[ver1.0.0]\crfparser\x64\debug\crfparse.3079ffbc.tlog\icl-mcpcom.write.1.tlog
e:\desktop\parsing\work\crfparser[ver1.0.0]\crfparser\x64\debug\crfparse.3079ffbc.tlog\icl.command.1.tlog
e:\desktop\parsing\work\crfparser[ver1.0.0]\crfparser\x64\debug\crfparse.3079ffbc.tlog\icl.read.1.tlog
e:\desktop\parsing\work\crfparser[ver1.0.0]\crfparser\x64\debug\crfparse.3079ffbc.tlog\icl.write.1.tlog
e:\desktop\parsing\work\crfparser[ver1.0.0]\crfparser\x64\debug\crfparse.3079ffbc.tlog\xilink-link-cvtres.read.1.tlog
e:\desktop\parsing\work\crfparser[ver1.0.0]\crfparser\x64\debug\crfparse.3079ffbc.tlog\xilink-link-cvtres.write.1.tlog
e:\desktop\parsing\work\crfparser[ver1.0.0]\crfparser\x64\debug\crfparse.3079ffbc.tlog\xilink-link-rc.read.1.tlog
e:\desktop\parsing\work\crfparser[ver1.0.0]\crfparser\x64\debug\crfparse.3079ffbc.tlog\xilink-link-rc.write.1.tlog
e:\desktop\parsing\work\crfparser[ver1.0.0]\crfparser\x64\debug\crfparse.3079ffbc.tlog\xilink-link.read.1.tlog
e:\desktop\parsing\work\crfparser[ver1.0.0]\crfparser\x64\debug\crfparse.3079ffbc.tlog\xilink-link.read.2.tlog
e:\desktop\parsing\work\crfparser[ver1.0.0]\crfparser\x64\debug\crfparse.3079ffbc.tlog\xilink-link.write.1.tlog
e:\desktop\parsing\work\crfparser[ver1.0.0]\crfparser\x64\debug\crfparse.3079ffbc.tlog\xilink-mcpcom.read.1.tlog
e:\desktop\parsing\work\crfparser[ver1.0.0]\crfparser\x64\debug\crfparse.3079ffbc.tlog\xilink-mcpcom.write.1.tlog
e:\desktop\parsing\work\crfparser[ver1.0.0]\crfparser\x64\debug\crfparse.3079ffbc.tlog\xilink.command.1.tlog
e:\desktop\parsing\work\crfparser[ver1.0.0]\crfparser\x64\debug\crfparse.3079ffbc.tlog\xilink.read.1.tlog
e:\desktop\parsing\work\crfparser[ver1.0.0]\crfparser\x64\debug\crfparse.3079ffbc.tlog\xilink.write.1.tlog
