e:\desktop\parsing\work\run_path\crfparser[ver1.0.8]\x64\debug\crfparser[v1.0.8].lib
e:\desktop\parsing\work\run_path\crfparser[ver1.0.8]\x64\debug\crfparser[v1.0.8].exp
c:\users\wu\appdata\local\temp\irmagent.log
e:\desktop\parsing\work\run_path\crfparser[ver1.0.8]\crfparser\x64\debug\crfparse.3079ffbc.tlog\crfparser[v1.0.5].write.1u.tlog
e:\desktop\parsing\work\run_path\crfparser[ver1.0.8]\crfparser\x64\debug\cnn.obj
e:\desktop\parsing\work\run_path\crfparser[ver1.0.8]\crfparser\x64\debug\conv.obj
e:\desktop\parsing\work\run_path\crfparser[ver1.0.8]\crfparser\x64\debug\deep-lstm.obj
e:\desktop\parsing\work\run_path\crfparser[ver1.0.8]\crfparser\x64\debug\dict.obj
e:\desktop\parsing\work\run_path\crfparser[ver1.0.8]\crfparser\x64\debug\dim.obj
e:\desktop\parsing\work\run_path\crfparser[ver1.0.8]\crfparser\x64\debug\exec.obj
e:\desktop\parsing\work\run_path\crfparser[ver1.0.8]\crfparser\x64\debug\expr.obj
e:\desktop\parsing\work\run_path\crfparser[ver1.0.8]\crfparser\x64\debug\grad-check.obj
e:\desktop\parsing\work\run_path\crfparser[ver1.0.8]\crfparser\x64\debug\graph.obj
e:\desktop\parsing\work\run_path\crfparser[ver1.0.8]\crfparser\x64\debug\gru.obj
e:\desktop\parsing\work\run_path\crfparser[ver1.0.8]\crfparser\x64\debug\init.obj
e:\desktop\parsing\work\run_path\crfparser[ver1.0.8]\crfparser\x64\debug\lstm.obj
e:\desktop\parsing\work\run_path\crfparser[ver1.0.8]\crfparser\x64\debug\model.obj
e:\desktop\parsing\work\run_path\crfparser[ver1.0.8]\crfparser\x64\debug\nodes-common.obj
e:\desktop\parsing\work\run_path\crfparser[ver1.0.8]\crfparser\x64\debug\nodes.obj
e:\desktop\parsing\work\run_path\crfparser[ver1.0.8]\crfparser\x64\debug\param-nodes.obj
e:\desktop\parsing\work\run_path\crfparser[ver1.0.8]\crfparser\x64\debug\rnn-state-machine.obj
e:\desktop\parsing\work\run_path\crfparser[ver1.0.8]\crfparser\x64\debug\rnn.obj
e:\desktop\parsing\work\run_path\crfparser[ver1.0.8]\crfparser\x64\debug\shadow-params.obj
e:\desktop\parsing\work\run_path\crfparser[ver1.0.8]\crfparser\x64\debug\tensor.obj
e:\desktop\parsing\work\run_path\crfparser[ver1.0.8]\crfparser\x64\debug\training.obj
e:\desktop\parsing\work\run_path\crfparser[ver1.0.8]\crfparser\x64\debug\treelstm.obj
e:\desktop\parsing\work\run_path\crfparser[ver1.0.8]\crfparser\x64\debug\commoncrf.obj
e:\desktop\parsing\work\run_path\crfparser[ver1.0.8]\crfparser\x64\debug\eisner.obj
e:\desktop\parsing\work\run_path\crfparser[ver1.0.8]\crfparser\x64\debug\eisnerl.obj
e:\desktop\parsing\work\run_path\crfparser[ver1.0.8]\crfparser\x64\debug\encoder.obj
e:\desktop\parsing\work\run_path\crfparser[ver1.0.8]\crfparser\x64\debug\labelparsercrf.obj
e:\desktop\parsing\work\run_path\crfparser[ver1.0.8]\crfparser\x64\debug\layerscrf.obj
e:\desktop\parsing\work\run_path\crfparser[ver1.0.8]\crfparser\x64\debug\main.obj
e:\desktop\parsing\work\run_path\crfparser[ver1.0.8]\crfparser\x64\debug\locallstm2.obj
e:\desktop\parsing\work\run_path\crfparser[ver1.0.8]\crfparser\x64\debug\treereadercrf.obj
e:\desktop\parsing\work\run_path\crfparser[ver1.0.8]\crfparser\x64\debug\unlabelparsercrf.obj
e:\desktop\parsing\work\run_path\crfparser[ver1.0.8]\crfparser\x64\debug\util.obj
e:\desktop\parsing\work\run_path\crfparser[ver1.0.8]\crfparser\x64\debug\vc140.pdb
c:\users\wu\appdata\local\temp\lnk{c9f3203f-f001-41d7-9656-8fa143db5d61}.tmp
c:\users\wu\appdata\local\temp\lnk{34861475-8158-4f0c-8e6b-374672c38400}.tmp
c:\users\wu\appdata\local\temp\lnk{4cfcf5d9-cc26-48e0-850b-9e48e9cc598c}.tmp
e:\desktop\parsing\work\run_path\crfparser[ver1.0.8]\x64\debug\crfparser[v1.0.8].exe
e:\desktop\parsing\work\run_path\crfparser[ver1.0.8]\x64\debug\crfparser[v1.0.8].pdb
e:\desktop\parsing\work\run_path\crfparser[ver1.0.8]\crfparser\x64\debug\crfparse.3079ffbc.tlog\crfparser[v1.0.8].write.1u.tlog
e:\desktop\parsing\work\run_path\crfparser[ver1.0.8]\crfparser\x64\debug\crfparse.3079ffbc.tlog\icl-intelremotemonserver-intelremotemonagent-intelremotemonagent2.read.1.tlog
e:\desktop\parsing\work\run_path\crfparser[ver1.0.8]\crfparser\x64\debug\crfparse.3079ffbc.tlog\icl-intelremotemonserver-intelremotemonagent-intelremotemonagent2.write.1.tlog
e:\desktop\parsing\work\run_path\crfparser[ver1.0.8]\crfparser\x64\debug\crfparse.3079ffbc.tlog\icl-intelremotemonserver-intelremotemonagent.read.1.tlog
e:\desktop\parsing\work\run_path\crfparser[ver1.0.8]\crfparser\x64\debug\crfparse.3079ffbc.tlog\icl-intelremotemonserver-intelremotemonagent.read.2.tlog
e:\desktop\parsing\work\run_path\crfparser[ver1.0.8]\crfparser\x64\debug\crfparse.3079ffbc.tlog\icl-intelremotemonserver-intelremotemonagent.read.3.tlog
e:\desktop\parsing\work\run_path\crfparser[ver1.0.8]\crfparser\x64\debug\crfparse.3079ffbc.tlog\icl-intelremotemonserver-intelremotemonagent.read.5.tlog
e:\desktop\parsing\work\run_path\crfparser[ver1.0.8]\crfparser\x64\debug\crfparse.3079ffbc.tlog\icl-intelremotemonserver-intelremotemonagent.write.2.tlog
e:\desktop\parsing\work\run_path\crfparser[ver1.0.8]\crfparser\x64\debug\crfparse.3079ffbc.tlog\icl-intelremotemonserver.read.1.tlog
e:\desktop\parsing\work\run_path\crfparser[ver1.0.8]\crfparser\x64\debug\crfparse.3079ffbc.tlog\icl-intelremotemonserver.read.12.tlog
e:\desktop\parsing\work\run_path\crfparser[ver1.0.8]\crfparser\x64\debug\crfparse.3079ffbc.tlog\icl-intelremotemonserver.read.13.tlog
e:\desktop\parsing\work\run_path\crfparser[ver1.0.8]\crfparser\x64\debug\crfparse.3079ffbc.tlog\icl-intelremotemonserver.read.2.tlog
e:\desktop\parsing\work\run_path\crfparser[ver1.0.8]\crfparser\x64\debug\crfparse.3079ffbc.tlog\icl-intelremotemonserver.read.5.tlog
e:\desktop\parsing\work\run_path\crfparser[ver1.0.8]\crfparser\x64\debug\crfparse.3079ffbc.tlog\icl-intelremotemonserver.read.6.tlog
e:\desktop\parsing\work\run_path\crfparser[ver1.0.8]\crfparser\x64\debug\crfparse.3079ffbc.tlog\icl-intelremotemonserver.write.12.tlog
e:\desktop\parsing\work\run_path\crfparser[ver1.0.8]\crfparser\x64\debug\crfparse.3079ffbc.tlog\icl-intelremotemonserver.write.2.tlog
e:\desktop\parsing\work\run_path\crfparser[ver1.0.8]\crfparser\x64\debug\crfparse.3079ffbc.tlog\icl-intelremotemonserver.write.5.tlog
e:\desktop\parsing\work\run_path\crfparser[ver1.0.8]\crfparser\x64\debug\crfparse.3079ffbc.tlog\icl-mcpcom.read.1.tlog
e:\desktop\parsing\work\run_path\crfparser[ver1.0.8]\crfparser\x64\debug\crfparse.3079ffbc.tlog\icl-mcpcom.write.1.tlog
e:\desktop\parsing\work\run_path\crfparser[ver1.0.8]\crfparser\x64\debug\crfparse.3079ffbc.tlog\icl.command.1.tlog
e:\desktop\parsing\work\run_path\crfparser[ver1.0.8]\crfparser\x64\debug\crfparse.3079ffbc.tlog\icl.read.1.tlog
e:\desktop\parsing\work\run_path\crfparser[ver1.0.8]\crfparser\x64\debug\crfparse.3079ffbc.tlog\icl.write.1.tlog
e:\desktop\parsing\work\run_path\crfparser[ver1.0.8]\crfparser\x64\debug\crfparse.3079ffbc.tlog\xilink-link-cvtres.read.1.tlog
e:\desktop\parsing\work\run_path\crfparser[ver1.0.8]\crfparser\x64\debug\crfparse.3079ffbc.tlog\xilink-link-cvtres.write.1.tlog
e:\desktop\parsing\work\run_path\crfparser[ver1.0.8]\crfparser\x64\debug\crfparse.3079ffbc.tlog\xilink-link-rc.read.1.tlog
e:\desktop\parsing\work\run_path\crfparser[ver1.0.8]\crfparser\x64\debug\crfparse.3079ffbc.tlog\xilink-link-rc.write.1.tlog
e:\desktop\parsing\work\run_path\crfparser[ver1.0.8]\crfparser\x64\debug\crfparse.3079ffbc.tlog\xilink-link.read.1.tlog
e:\desktop\parsing\work\run_path\crfparser[ver1.0.8]\crfparser\x64\debug\crfparse.3079ffbc.tlog\xilink-link.read.2.tlog
e:\desktop\parsing\work\run_path\crfparser[ver1.0.8]\crfparser\x64\debug\crfparse.3079ffbc.tlog\xilink-link.read.3.tlog
e:\desktop\parsing\work\run_path\crfparser[ver1.0.8]\crfparser\x64\debug\crfparse.3079ffbc.tlog\xilink-link.write.1.tlog
e:\desktop\parsing\work\run_path\crfparser[ver1.0.8]\crfparser\x64\debug\crfparse.3079ffbc.tlog\xilink-mcpcom.read.1.tlog
e:\desktop\parsing\work\run_path\crfparser[ver1.0.8]\crfparser\x64\debug\crfparse.3079ffbc.tlog\xilink-mcpcom.write.1.tlog
e:\desktop\parsing\work\run_path\crfparser[ver1.0.8]\crfparser\x64\debug\crfparse.3079ffbc.tlog\xilink.command.1.tlog
e:\desktop\parsing\work\run_path\crfparser[ver1.0.8]\crfparser\x64\debug\crfparse.3079ffbc.tlog\xilink.read.1.tlog
e:\desktop\parsing\work\run_path\crfparser[ver1.0.8]\crfparser\x64\debug\crfparse.3079ffbc.tlog\xilink.write.1.tlog
