e:\desktop\parsing\work\crfparser[ver1.0.5]\crfparser\x64\debug\vc140.pdb
e:\desktop\parsing\work\crfparser[ver1.0.5]\crfparser\x64\debug\vc140.idb
e:\desktop\parsing\work\crfparser[ver1.0.5]\crfparser\x64\debug\nodes-common.obj
e:\desktop\parsing\work\crfparser[ver1.0.5]\crfparser\x64\debug\nodes.obj
e:\desktop\parsing\work\crfparser[ver1.0.5]\crfparser\x64\debug\param-nodes.obj
e:\desktop\parsing\work\crfparser[ver1.0.5]\crfparser\x64\debug\rnn-state-machine.obj
e:\desktop\parsing\work\crfparser[ver1.0.5]\crfparser\x64\debug\rnn.obj
e:\desktop\parsing\work\crfparser[ver1.0.5]\crfparser\x64\debug\shadow-params.obj
e:\desktop\parsing\work\crfparser[ver1.0.5]\crfparser\x64\debug\tensor.obj
e:\desktop\parsing\work\crfparser[ver1.0.5]\crfparser\x64\debug\training.obj
e:\desktop\parsing\work\crfparser[ver1.0.5]\crfparser\x64\debug\treelstm.obj
e:\desktop\parsing\work\crfparser[ver1.0.5]\crfparser\x64\debug\eisner.obj
e:\desktop\parsing\work\crfparser[ver1.0.5]\crfparser\x64\debug\eisnerl.obj
e:\desktop\parsing\work\crfparser[ver1.0.5]\crfparser\x64\debug\encoder.obj
e:\desktop\parsing\work\crfparser[ver1.0.5]\crfparser\x64\debug\labelparsercrf.obj
e:\desktop\parsing\work\crfparser[ver1.0.5]\crfparser\x64\debug\layerscrf.obj
e:\desktop\parsing\work\crfparser[ver1.0.5]\crfparser\x64\debug\locallstm2.obj
e:\desktop\parsing\work\crfparser[ver1.0.5]\crfparser\x64\debug\treereadercrf.obj
e:\desktop\parsing\work\crfparser[ver1.0.5]\crfparser\x64\debug\unlabelparsercrf.obj
e:\desktop\parsing\work\crfparser[ver1.0.5]\crfparser\x64\debug\util.obj
e:\desktop\parsing\work\crfparser[ver1.0.5]\crfparser\x64\debug\cnn.obj
e:\desktop\parsing\work\crfparser[ver1.0.5]\crfparser\x64\debug\conv.obj
e:\desktop\parsing\work\crfparser[ver1.0.5]\crfparser\x64\debug\deep-lstm.obj
e:\desktop\parsing\work\crfparser[ver1.0.5]\crfparser\x64\debug\dict.obj
e:\desktop\parsing\work\crfparser[ver1.0.5]\crfparser\x64\debug\dim.obj
e:\desktop\parsing\work\crfparser[ver1.0.5]\crfparser\x64\debug\exec.obj
e:\desktop\parsing\work\crfparser[ver1.0.5]\crfparser\x64\debug\expr.obj
e:\desktop\parsing\work\crfparser[ver1.0.5]\crfparser\x64\debug\grad-check.obj
e:\desktop\parsing\work\crfparser[ver1.0.5]\crfparser\x64\debug\graph.obj
e:\desktop\parsing\work\crfparser[ver1.0.5]\crfparser\x64\debug\gru.obj
e:\desktop\parsing\work\crfparser[ver1.0.5]\crfparser\x64\debug\init.obj
e:\desktop\parsing\work\crfparser[ver1.0.5]\crfparser\x64\debug\lstm.obj
e:\desktop\parsing\work\crfparser[ver1.0.5]\crfparser\x64\debug\model.obj
e:\desktop\parsing\work\crfparser[ver1.0.5]\crfparser\x64\debug\commoncrf.obj
e:\desktop\parsing\work\crfparser[ver1.0.5]\crfparser\x64\debug\main.obj
e:\desktop\parsing\work\run_path\crfparser[ver1.0.5]\crfparser\x64\debug\vc140.pdb
e:\desktop\parsing\work\run_path\crfparser[ver1.0.5]\crfparser\x64\debug\vc140.idb
e:\desktop\parsing\work\run_path\crfparser[ver1.0.5]\crfparser\x64\debug\nodes-common.obj
e:\desktop\parsing\work\run_path\crfparser[ver1.0.5]\crfparser\x64\debug\nodes.obj
e:\desktop\parsing\work\run_path\crfparser[ver1.0.5]\crfparser\x64\debug\param-nodes.obj
e:\desktop\parsing\work\run_path\crfparser[ver1.0.5]\crfparser\x64\debug\rnn-state-machine.obj
e:\desktop\parsing\work\run_path\crfparser[ver1.0.5]\crfparser\x64\debug\rnn.obj
e:\desktop\parsing\work\run_path\crfparser[ver1.0.5]\crfparser\x64\debug\shadow-params.obj
e:\desktop\parsing\work\run_path\crfparser[ver1.0.5]\crfparser\x64\debug\tensor.obj
e:\desktop\parsing\work\run_path\crfparser[ver1.0.5]\crfparser\x64\debug\training.obj
e:\desktop\parsing\work\run_path\crfparser[ver1.0.5]\crfparser\x64\debug\treelstm.obj
e:\desktop\parsing\work\run_path\crfparser[ver1.0.5]\crfparser\x64\debug\commoncrf.obj
e:\desktop\parsing\work\run_path\crfparser[ver1.0.5]\crfparser\x64\debug\eisner.obj
e:\desktop\parsing\work\run_path\crfparser[ver1.0.5]\crfparser\x64\debug\eisnerl.obj
e:\desktop\parsing\work\run_path\crfparser[ver1.0.5]\crfparser\x64\debug\encoder.obj
e:\desktop\parsing\work\run_path\crfparser[ver1.0.5]\crfparser\x64\debug\labelparsercrf.obj
e:\desktop\parsing\work\run_path\crfparser[ver1.0.5]\crfparser\x64\debug\layerscrf.obj
e:\desktop\parsing\work\run_path\crfparser[ver1.0.5]\crfparser\x64\debug\locallstm2.obj
e:\desktop\parsing\work\run_path\crfparser[ver1.0.5]\crfparser\x64\debug\treereadercrf.obj
e:\desktop\parsing\work\run_path\crfparser[ver1.0.5]\crfparser\x64\debug\unlabelparsercrf.obj
e:\desktop\parsing\work\run_path\crfparser[ver1.0.5]\crfparser\x64\debug\util.obj
e:\desktop\parsing\work\run_path\crfparser[ver1.0.5]\crfparser\x64\debug\cnn.obj
e:\desktop\parsing\work\run_path\crfparser[ver1.0.5]\crfparser\x64\debug\conv.obj
e:\desktop\parsing\work\run_path\crfparser[ver1.0.5]\crfparser\x64\debug\deep-lstm.obj
e:\desktop\parsing\work\run_path\crfparser[ver1.0.5]\crfparser\x64\debug\dict.obj
e:\desktop\parsing\work\run_path\crfparser[ver1.0.5]\crfparser\x64\debug\dim.obj
e:\desktop\parsing\work\run_path\crfparser[ver1.0.5]\crfparser\x64\debug\exec.obj
e:\desktop\parsing\work\run_path\crfparser[ver1.0.5]\crfparser\x64\debug\expr.obj
e:\desktop\parsing\work\run_path\crfparser[ver1.0.5]\crfparser\x64\debug\grad-check.obj
e:\desktop\parsing\work\run_path\crfparser[ver1.0.5]\crfparser\x64\debug\graph.obj
e:\desktop\parsing\work\run_path\crfparser[ver1.0.5]\crfparser\x64\debug\gru.obj
e:\desktop\parsing\work\run_path\crfparser[ver1.0.5]\crfparser\x64\debug\init.obj
e:\desktop\parsing\work\run_path\crfparser[ver1.0.5]\crfparser\x64\debug\lstm.obj
e:\desktop\parsing\work\run_path\crfparser[ver1.0.5]\crfparser\x64\debug\model.obj
e:\desktop\parsing\work\run_path\crfparser[ver1.0.5]\crfparser\x64\debug\main.obj
e:\desktop\parsing\work\crfparser[ver1.0.5]\x64\debug\crfparser[v1.0.5].lib
e:\desktop\parsing\work\crfparser[ver1.0.5]\x64\debug\crfparser[v1.0.5].exp
e:\desktop\parsing\work\run_path\crfparser[ver1.0.5]\x64\debug\crfparser[v1.0.5].lib
e:\desktop\parsing\work\run_path\crfparser[ver1.0.5]\x64\debug\crfparser[v1.0.5].exp
e:\desktop\parsing\work\crfparser[ver1.0.5]\x64\debug\crfparser[v1.0.5].exe
e:\desktop\parsing\work\crfparser[ver1.0.5]\x64\debug\crfparser[v1.0.5].pdb
e:\desktop\parsing\work\run_path\crfparser[ver1.0.5]\x64\debug\crfparser[v1.0.5].exe
e:\desktop\parsing\work\run_path\crfparser[ver1.0.5]\x64\debug\crfparser[v1.0.5].pdb
e:\desktop\parsing\work\run_path\crfparser[ver1.0.5]\crfparser\x64\debug\crfparse.3079ffbc.tlog\cl.command.1.tlog
e:\desktop\parsing\work\run_path\crfparser[ver1.0.5]\crfparser\x64\debug\crfparse.3079ffbc.tlog\cl.read.1.tlog
e:\desktop\parsing\work\run_path\crfparser[ver1.0.5]\crfparser\x64\debug\crfparse.3079ffbc.tlog\cl.write.1.tlog
e:\desktop\parsing\work\run_path\crfparser[ver1.0.5]\crfparser\x64\debug\crfparse.3079ffbc.tlog\crfparser[v1.0.5].write.1u.tlog
e:\desktop\parsing\work\run_path\crfparser[ver1.0.5]\crfparser\x64\debug\crfparse.3079ffbc.tlog\link.command.1.tlog
e:\desktop\parsing\work\run_path\crfparser[ver1.0.5]\crfparser\x64\debug\crfparse.3079ffbc.tlog\link.read.1.tlog
e:\desktop\parsing\work\run_path\crfparser[ver1.0.5]\crfparser\x64\debug\crfparse.3079ffbc.tlog\link.write.1.tlog
