d:\desktop\lstm-parser-master\shiftreduceparser[ver1.0.1]\shiftreduceparserproj\x64\debug\vc120.pdb
d:\desktop\lstm-parser-master\shiftreduceparser[ver1.0.1]\shiftreduceparserproj\x64\debug\vc120.idb
d:\desktop\lstm-parser-master\shiftreduceparser[ver1.0.1]\shiftreduceparserproj\x64\debug\common.obj
d:\desktop\lstm-parser-master\shiftreduceparser[ver1.0.1]\shiftreduceparserproj\x64\debug\lstm.obj
d:\desktop\lstm-parser-master\shiftreduceparser[ver1.0.1]\shiftreduceparserproj\x64\debug\model.obj
d:\desktop\lstm-parser-master\shiftreduceparser[ver1.0.1]\shiftreduceparserproj\x64\debug\nodes-common.obj
d:\desktop\lstm-parser-master\shiftreduceparser[ver1.0.1]\shiftreduceparserproj\x64\debug\nodes.obj
d:\desktop\lstm-parser-master\shiftreduceparser[ver1.0.1]\shiftreduceparserproj\x64\debug\param-nodes.obj
d:\desktop\lstm-parser-master\shiftreduceparser[ver1.0.1]\shiftreduceparserproj\x64\debug\rnn-state-machine.obj
d:\desktop\lstm-parser-master\shiftreduceparser[ver1.0.1]\shiftreduceparserproj\x64\debug\rnn.obj
d:\desktop\lstm-parser-master\shiftreduceparser[ver1.0.1]\shiftreduceparserproj\x64\debug\saxe-init.obj
d:\desktop\lstm-parser-master\shiftreduceparser[ver1.0.1]\shiftreduceparserproj\x64\debug\shadow-params.obj
d:\desktop\lstm-parser-master\shiftreduceparser[ver1.0.1]\shiftreduceparserproj\x64\debug\tensor.obj
d:\desktop\lstm-parser-master\shiftreduceparser[ver1.0.1]\shiftreduceparserproj\x64\debug\treelstm.obj
d:\desktop\lstm-parser-master\shiftreduceparser[ver1.0.1]\shiftreduceparserproj\x64\debug\corpus.obj
d:\desktop\lstm-parser-master\shiftreduceparser[ver1.0.1]\shiftreduceparserproj\x64\debug\main.obj
d:\desktop\lstm-parser-master\shiftreduceparser[ver1.0.1]\shiftreduceparserproj\x64\debug\parsertester.obj
d:\desktop\lstm-parser-master\shiftreduceparser[ver1.0.1]\shiftreduceparserproj\x64\debug\srparser.obj
d:\desktop\lstm-parser-master\shiftreduceparser[ver1.0.1]\shiftreduceparserproj\x64\debug\parsertrainer.obj
d:\desktop\lstm-parser-master\shiftreduceparser[ver1.0.1]\shiftreduceparserproj\x64\debug\util.obj
d:\desktop\lstm-parser-master\shiftreduceparser[ver1.0.1]\shiftreduceparserproj\x64\debug\cnn.obj
d:\desktop\lstm-parser-master\shiftreduceparser[ver1.0.1]\shiftreduceparserproj\x64\debug\conv.obj
d:\desktop\lstm-parser-master\shiftreduceparser[ver1.0.1]\shiftreduceparserproj\x64\debug\deep-lstm.obj
d:\desktop\lstm-parser-master\shiftreduceparser[ver1.0.1]\shiftreduceparserproj\x64\debug\dict.obj
d:\desktop\lstm-parser-master\shiftreduceparser[ver1.0.1]\shiftreduceparserproj\x64\debug\dim.obj
d:\desktop\lstm-parser-master\shiftreduceparser[ver1.0.1]\shiftreduceparserproj\x64\debug\exec.obj
d:\desktop\lstm-parser-master\shiftreduceparser[ver1.0.1]\shiftreduceparserproj\x64\debug\expr.obj
d:\desktop\lstm-parser-master\shiftreduceparser[ver1.0.1]\shiftreduceparserproj\x64\debug\grad-check.obj
d:\desktop\lstm-parser-master\shiftreduceparser[ver1.0.1]\shiftreduceparserproj\x64\debug\graph.obj
d:\desktop\lstm-parser-master\shiftreduceparser[ver1.0.1]\shiftreduceparserproj\x64\debug\gru.obj
d:\desktop\lstm-parser-master\shiftreduceparser[ver1.0.1]\shiftreduceparserproj\x64\debug\init.obj
d:\desktop\lstm-parser-master\shiftreduceparser[ver1.0.1]\shiftreduceparserproj\x64\debug\training.obj
d:\desktop\lstm-parser-master\shiftreduceparser[ver1.0.1]\shiftreduceparserproj\x64\debug\kbestrlstm.obj
d:\desktop\lstm-parser-master\shiftreduceparser[ver1.0.1]\shiftreduceparserproj\x64\debug\srparserkbest.obj
d:\desktop\lstm-parser-master\shiftreduceparser[ver1.0.1]\x64\debug\shiftreduceparser.ilk
d:\desktop\lstm-parser-master\shiftreduceparser[ver1.0.1]\x64\debug\shiftreduceparser.exe
d:\desktop\lstm-parser-master\shiftreduceparser[ver1.0.1]\x64\debug\shiftreduceparser.pdb
d:\desktop\lstm-parser-master\shiftreduceparser[ver1.0.1]\x64\debug\shiftreduceparser.lib
d:\desktop\lstm-parser-master\shiftreduceparser[ver1.0.1]\x64\debug\shiftreduceparser.exp
d:\desktop\lstm-parser-master\shiftreduceparser[ver1.0.1]\shiftreduceparserproj\x64\debug\shiftred.3079ffbc.tlog\cl.command.1.tlog
d:\desktop\lstm-parser-master\shiftreduceparser[ver1.0.1]\shiftreduceparserproj\x64\debug\shiftred.3079ffbc.tlog\cl.read.1.tlog
d:\desktop\lstm-parser-master\shiftreduceparser[ver1.0.1]\shiftreduceparserproj\x64\debug\shiftred.3079ffbc.tlog\cl.write.1.tlog
d:\desktop\lstm-parser-master\shiftreduceparser[ver1.0.1]\shiftreduceparserproj\x64\debug\shiftred.3079ffbc.tlog\link.command.1.tlog
d:\desktop\lstm-parser-master\shiftreduceparser[ver1.0.1]\shiftreduceparserproj\x64\debug\shiftred.3079ffbc.tlog\link.read.1.tlog
d:\desktop\lstm-parser-master\shiftreduceparser[ver1.0.1]\shiftreduceparserproj\x64\debug\shiftred.3079ffbc.tlog\link.write.1.tlog
d:\desktop\lstm-parser-master\shiftreduceparser[ver1.0.1]\shiftreduceparserproj\x64\debug\shiftred.3079ffbc.tlog\shiftreduceparser.write.1u.tlog
