e:\desktop\parsing\work\arceagerparser[ver1.0.1]\x64\release\arceagerparser[v1.2].lib
e:\desktop\parsing\work\arceagerparser[ver1.0.1]\x64\release\arceagerparser[v1.2].exp
c:\users\wu\appdata\local\temp\irmagent.log
c:\users\wu\appdata\local\intel corporation\remote monitoring\intelremotemon.db
c:\users\wu\appdata\locallow\microsoft\cryptneturlcache\metadata\5457a8ce4b2a7499f8299a013b6e1c7c_ce50f893881d43dc0c815e4d80faf2b4
c:\users\wu\appdata\locallow\microsoft\cryptneturlcache\metadata\5080dc7a65db6a5960ecd874088f3328_da0ac6c3213d3f67edaaea42522aad0d
c:\users\wu\appdata\locallow\microsoft\cryptneturlcache\content\5080dc7a65db6a5960ecd874088f3328_da0ac6c3213d3f67edaaea42522aad0d
c:\users\wu\appdata\locallow\microsoft\cryptneturlcache\content\5457a8ce4b2a7499f8299a013b6e1c7c_ce50f893881d43dc0c815e4d80faf2b4
e:\desktop\parsing\work\arceagerparser[ver1.0.1]\arceagerparserproj\x64\release\cnn.obj
e:\desktop\parsing\work\arceagerparser[ver1.0.1]\arceagerparserproj\x64\release\conv.obj
e:\desktop\parsing\work\arceagerparser[ver1.0.1]\arceagerparserproj\x64\release\deep-lstm.obj
e:\desktop\parsing\work\arceagerparser[ver1.0.1]\arceagerparserproj\x64\release\dict.obj
e:\desktop\parsing\work\arceagerparser[ver1.0.1]\arceagerparserproj\x64\release\dim.obj
e:\desktop\parsing\work\arceagerparser[ver1.0.1]\arceagerparserproj\x64\release\exec.obj
e:\desktop\parsing\work\arceagerparser[ver1.0.1]\arceagerparserproj\x64\release\expr.obj
e:\desktop\parsing\work\arceagerparser[ver1.0.1]\arceagerparserproj\x64\release\grad-check.obj
e:\desktop\parsing\work\arceagerparser[ver1.0.1]\arceagerparserproj\x64\release\graph.obj
e:\desktop\parsing\work\arceagerparser[ver1.0.1]\arceagerparserproj\x64\release\gru.obj
e:\desktop\parsing\work\arceagerparser[ver1.0.1]\arceagerparserproj\x64\release\init.obj
e:\desktop\parsing\work\arceagerparser[ver1.0.1]\arceagerparserproj\x64\release\lstm.obj
e:\desktop\parsing\work\arceagerparser[ver1.0.1]\arceagerparserproj\x64\release\model.obj
e:\desktop\parsing\work\arceagerparser[ver1.0.1]\arceagerparserproj\x64\release\nodes-common.obj
e:\desktop\parsing\work\arceagerparser[ver1.0.1]\arceagerparserproj\x64\release\nodes.obj
e:\desktop\parsing\work\arceagerparser[ver1.0.1]\arceagerparserproj\x64\release\param-nodes.obj
e:\desktop\parsing\work\arceagerparser[ver1.0.1]\arceagerparserproj\x64\release\rnn-state-machine.obj
e:\desktop\parsing\work\arceagerparser[ver1.0.1]\arceagerparserproj\x64\release\rnn.obj
e:\desktop\parsing\work\arceagerparser[ver1.0.1]\arceagerparserproj\x64\release\shadow-params.obj
e:\desktop\parsing\work\arceagerparser[ver1.0.1]\arceagerparserproj\x64\release\tensor.obj
e:\desktop\parsing\work\arceagerparser[ver1.0.1]\arceagerparserproj\x64\release\training.obj
e:\desktop\parsing\work\arceagerparser[ver1.0.1]\arceagerparserproj\x64\release\treelstm.obj
e:\desktop\parsing\work\arceagerparser[ver1.0.1]\arceagerparserproj\x64\release\common.obj
e:\desktop\parsing\work\arceagerparser[ver1.0.1]\arceagerparserproj\x64\release\main.obj
e:\desktop\parsing\work\arceagerparser[ver1.0.1]\arceagerparserproj\x64\release\parsertester.obj
e:\desktop\parsing\work\arceagerparser[ver1.0.1]\arceagerparserproj\x64\release\srparser.obj
e:\desktop\parsing\work\arceagerparser[ver1.0.1]\arceagerparserproj\x64\release\parsertrainer.obj
e:\desktop\parsing\work\arceagerparser[ver1.0.1]\arceagerparserproj\x64\release\treereader.obj
e:\desktop\parsing\work\arceagerparser[ver1.0.1]\arceagerparserproj\x64\release\util.obj
c:\users\wu\appdata\local\temp\lnk{d88473b6-ab02-4626-980d-78184abcffe7}.tmp
c:\users\wu\appdata\local\temp\lnk{12a50c72-c414-45a0-96b4-99200e96d747}.tmp
c:\users\wu\appdata\local\temp\lnk{7fdb4131-6cb7-47db-b21c-dc61c310168f}.tmp
c:\users\wu\appdata\local\temp\lnk{890596c2-d63e-4153-a435-0a457c1c9dea}.tmp
c:\users\wu\appdata\local\temp\lnk{5feec4d9-accc-4e60-82b1-22c8f7fa6cb2}.tmp
c:\users\wu\appdata\local\temp\lnk{4c8798fc-a119-4ef4-a964-bc0089f61e53}.tmp
c:\users\wu\appdata\local\temp\lnk{09834b8b-1d6d-4443-b2b2-2ed03fe49186}.tmp
c:\users\wu\appdata\local\temp\lnk{5d20964b-57d2-4125-bf6f-b7b1a9cce082}.tmp
c:\users\wu\appdata\local\temp\lnk{7c8c5a6f-ae43-4c9b-b9e8-2a5eec04d715}.tmp
c:\users\wu\appdata\local\temp\lnk{f3269877-8474-4ca8-9815-7ef3d1838648}.tmp
c:\users\wu\appdata\local\temp\lnk{30e405bf-af42-4e9f-b154-a2f975a49a47}.tmp
c:\users\wu\appdata\local\temp\lnk{8af58a62-95a0-40c3-ac75-8df8ac2f755c}.tmp
c:\users\wu\appdata\local\temp\lnk{a09125c6-b855-406f-adf9-997a8014e4f3}.tmp
e:\desktop\parsing\work\arceagerparser[ver1.0.1]\arceagerparserproj\x64\release\arceager.3079ffbc.tlog\arceagerparser[v1.2].write.1u.tlog
e:\desktop\parsing\work\arceagerparser[ver1.0.1]\arceagerparserproj\x64\release\arceager.3079ffbc.tlog\icl-intelremotemonserver-intelremotemonagent-intelremotemonagent2.read.1.tlog
e:\desktop\parsing\work\arceagerparser[ver1.0.1]\arceagerparserproj\x64\release\arceager.3079ffbc.tlog\icl-intelremotemonserver-intelremotemonagent-intelremotemonagent2.read.11.tlog
e:\desktop\parsing\work\arceagerparser[ver1.0.1]\arceagerparserproj\x64\release\arceager.3079ffbc.tlog\icl-intelremotemonserver-intelremotemonagent-intelremotemonagent2.read.7.tlog
e:\desktop\parsing\work\arceagerparser[ver1.0.1]\arceagerparserproj\x64\release\arceager.3079ffbc.tlog\icl-intelremotemonserver-intelremotemonagent-intelremotemonagent2.write.1.tlog
e:\desktop\parsing\work\arceagerparser[ver1.0.1]\arceagerparserproj\x64\release\arceager.3079ffbc.tlog\icl-intelremotemonserver-intelremotemonagent-intelremotemonagent2.write.11.tlog
e:\desktop\parsing\work\arceagerparser[ver1.0.1]\arceagerparserproj\x64\release\arceager.3079ffbc.tlog\icl-intelremotemonserver-intelremotemonagent-intelremotemonagent2.write.7.tlog
e:\desktop\parsing\work\arceagerparser[ver1.0.1]\arceagerparserproj\x64\release\arceager.3079ffbc.tlog\icl-intelremotemonserver-intelremotemonagent.read.1.tlog
e:\desktop\parsing\work\arceagerparser[ver1.0.1]\arceagerparserproj\x64\release\arceager.3079ffbc.tlog\icl-intelremotemonserver-intelremotemonagent.read.2.tlog
e:\desktop\parsing\work\arceagerparser[ver1.0.1]\arceagerparserproj\x64\release\arceager.3079ffbc.tlog\icl-intelremotemonserver-intelremotemonagent.read.3.tlog
e:\desktop\parsing\work\arceagerparser[ver1.0.1]\arceagerparserproj\x64\release\arceager.3079ffbc.tlog\icl-intelremotemonserver-intelremotemonagent.write.2.tlog
e:\desktop\parsing\work\arceagerparser[ver1.0.1]\arceagerparserproj\x64\release\arceager.3079ffbc.tlog\icl-intelremotemonserver.read.1.tlog
e:\desktop\parsing\work\arceagerparser[ver1.0.1]\arceagerparserproj\x64\release\arceager.3079ffbc.tlog\icl-intelremotemonserver.read.11.tlog
e:\desktop\parsing\work\arceagerparser[ver1.0.1]\arceagerparserproj\x64\release\arceager.3079ffbc.tlog\icl-intelremotemonserver.read.12.tlog
e:\desktop\parsing\work\arceagerparser[ver1.0.1]\arceagerparserproj\x64\release\arceager.3079ffbc.tlog\icl-intelremotemonserver.read.2.tlog
e:\desktop\parsing\work\arceagerparser[ver1.0.1]\arceagerparserproj\x64\release\arceager.3079ffbc.tlog\icl-intelremotemonserver.read.21.tlog
e:\desktop\parsing\work\arceagerparser[ver1.0.1]\arceagerparserproj\x64\release\arceager.3079ffbc.tlog\icl-intelremotemonserver.read.22.tlog
e:\desktop\parsing\work\arceagerparser[ver1.0.1]\arceagerparserproj\x64\release\arceager.3079ffbc.tlog\icl-intelremotemonserver.read.5.tlog
e:\desktop\parsing\work\arceagerparser[ver1.0.1]\arceagerparserproj\x64\release\arceager.3079ffbc.tlog\icl-intelremotemonserver.read.6.tlog
e:\desktop\parsing\work\arceagerparser[ver1.0.1]\arceagerparserproj\x64\release\arceager.3079ffbc.tlog\icl-intelremotemonserver.read.7.tlog
e:\desktop\parsing\work\arceagerparser[ver1.0.1]\arceagerparserproj\x64\release\arceager.3079ffbc.tlog\icl-intelremotemonserver.read.8.tlog
e:\desktop\parsing\work\arceagerparser[ver1.0.1]\arceagerparserproj\x64\release\arceager.3079ffbc.tlog\icl-intelremotemonserver.write.11.tlog
e:\desktop\parsing\work\arceagerparser[ver1.0.1]\arceagerparserproj\x64\release\arceager.3079ffbc.tlog\icl-intelremotemonserver.write.2.tlog
e:\desktop\parsing\work\arceagerparser[ver1.0.1]\arceagerparserproj\x64\release\arceager.3079ffbc.tlog\icl-intelremotemonserver.write.21.tlog
e:\desktop\parsing\work\arceagerparser[ver1.0.1]\arceagerparserproj\x64\release\arceager.3079ffbc.tlog\icl-intelremotemonserver.write.5.tlog
e:\desktop\parsing\work\arceagerparser[ver1.0.1]\arceagerparserproj\x64\release\arceager.3079ffbc.tlog\icl-intelremotemonserver.write.7.tlog
e:\desktop\parsing\work\arceagerparser[ver1.0.1]\arceagerparserproj\x64\release\arceager.3079ffbc.tlog\icl-mcpcom.read.1.tlog
e:\desktop\parsing\work\arceagerparser[ver1.0.1]\arceagerparserproj\x64\release\arceager.3079ffbc.tlog\icl-mcpcom.write.1.tlog
e:\desktop\parsing\work\arceagerparser[ver1.0.1]\arceagerparserproj\x64\release\arceager.3079ffbc.tlog\icl.command.1.tlog
e:\desktop\parsing\work\arceagerparser[ver1.0.1]\arceagerparserproj\x64\release\arceager.3079ffbc.tlog\icl.read.1.tlog
e:\desktop\parsing\work\arceagerparser[ver1.0.1]\arceagerparserproj\x64\release\arceager.3079ffbc.tlog\icl.write.1.tlog
e:\desktop\parsing\work\arceagerparser[ver1.0.1]\arceagerparserproj\x64\release\arceager.3079ffbc.tlog\xilink-link-cvtres.read.1.tlog
e:\desktop\parsing\work\arceagerparser[ver1.0.1]\arceagerparserproj\x64\release\arceager.3079ffbc.tlog\xilink-link-cvtres.write.1.tlog
e:\desktop\parsing\work\arceagerparser[ver1.0.1]\arceagerparserproj\x64\release\arceager.3079ffbc.tlog\xilink-link-rc.read.1.tlog
e:\desktop\parsing\work\arceagerparser[ver1.0.1]\arceagerparserproj\x64\release\arceager.3079ffbc.tlog\xilink-link-rc.write.1.tlog
e:\desktop\parsing\work\arceagerparser[ver1.0.1]\arceagerparserproj\x64\release\arceager.3079ffbc.tlog\xilink-link.read.1.tlog
e:\desktop\parsing\work\arceagerparser[ver1.0.1]\arceagerparserproj\x64\release\arceager.3079ffbc.tlog\xilink-link.read.2.tlog
e:\desktop\parsing\work\arceagerparser[ver1.0.1]\arceagerparserproj\x64\release\arceager.3079ffbc.tlog\xilink-link.write.1.tlog
e:\desktop\parsing\work\arceagerparser[ver1.0.1]\arceagerparserproj\x64\release\arceager.3079ffbc.tlog\xilink-mcpcom.read.1.tlog
e:\desktop\parsing\work\arceagerparser[ver1.0.1]\arceagerparserproj\x64\release\arceager.3079ffbc.tlog\xilink-mcpcom.write.1.tlog
e:\desktop\parsing\work\arceagerparser[ver1.0.1]\arceagerparserproj\x64\release\arceager.3079ffbc.tlog\xilink.command.1.tlog
e:\desktop\parsing\work\arceagerparser[ver1.0.1]\arceagerparserproj\x64\release\arceager.3079ffbc.tlog\xilink.read.1.tlog
e:\desktop\parsing\work\arceagerparser[ver1.0.1]\arceagerparserproj\x64\release\arceager.3079ffbc.tlog\xilink.write.1.tlog
