e:\desktop\parsing\work\arceagerparser[ver1.1.1]\x64\release\arceagerparser[v1.1.1].lib
e:\desktop\parsing\work\arceagerparser[ver1.1.1]\x64\release\arceagerparser[v1.1.1].exp
e:\desktop\parsing\work\arceagerparser[ver1.0.1]\x64\release\arceagerparser[v1.3].lib
e:\desktop\parsing\work\arceagerparser[ver1.0.1]\x64\release\arceagerparser[v1.3].exp
e:\desktop\parsing\work\arceagerparser[ver1.0.1]\arceagerparserproj\x64\release\vc140.pdb
e:\desktop\parsing\work\arceagerparser[ver1.0.1]\arceagerparserproj\x64\release\tensor.obj
e:\desktop\parsing\work\arceagerparser[ver1.0.1]\arceagerparserproj\x64\release\shadow-params.obj
e:\desktop\parsing\work\arceagerparser[ver1.0.1]\arceagerparserproj\x64\release\rnn.obj
e:\desktop\parsing\work\arceagerparser[ver1.0.1]\arceagerparserproj\x64\release\rnn-state-machine.obj
e:\desktop\parsing\work\arceagerparser[ver1.0.1]\arceagerparserproj\x64\release\param-nodes.obj
e:\desktop\parsing\work\arceagerparser[ver1.0.1]\arceagerparserproj\x64\release\nodes.obj
e:\desktop\parsing\work\arceagerparser[ver1.0.1]\arceagerparserproj\x64\release\nodes-common.obj
e:\desktop\parsing\work\arceagerparser[ver1.0.1]\arceagerparserproj\x64\release\model.obj
e:\desktop\parsing\work\arceagerparser[ver1.0.1]\arceagerparserproj\x64\release\lstm.obj
e:\desktop\parsing\work\arceagerparser[ver1.0.1]\arceagerparserproj\x64\release\init.obj
e:\desktop\parsing\work\arceagerparser[ver1.0.1]\arceagerparserproj\x64\release\gru.obj
e:\desktop\parsing\work\arceagerparser[ver1.0.1]\arceagerparserproj\x64\release\graph.obj
e:\desktop\parsing\work\arceagerparser[ver1.0.1]\arceagerparserproj\x64\release\grad-check.obj
e:\desktop\parsing\work\arceagerparser[ver1.0.1]\arceagerparserproj\x64\release\expr.obj
e:\desktop\parsing\work\arceagerparser[ver1.0.1]\arceagerparserproj\x64\release\exec.obj
e:\desktop\parsing\work\arceagerparser[ver1.0.1]\arceagerparserproj\x64\release\dim.obj
e:\desktop\parsing\work\arceagerparser[ver1.0.1]\arceagerparserproj\x64\release\dict.obj
e:\desktop\parsing\work\arceagerparser[ver1.0.1]\arceagerparserproj\x64\release\deep-lstm.obj
e:\desktop\parsing\work\arceagerparser[ver1.0.1]\arceagerparserproj\x64\release\conv.obj
e:\desktop\parsing\work\arceagerparser[ver1.0.1]\arceagerparserproj\x64\release\cnn.obj
e:\desktop\parsing\work\arceagerparser[ver1.0.1]\arceagerparserproj\x64\release\util.obj
e:\desktop\parsing\work\arceagerparser[ver1.0.1]\arceagerparserproj\x64\release\treereader.obj
e:\desktop\parsing\work\arceagerparser[ver1.0.1]\arceagerparserproj\x64\release\parsertrainer.obj
e:\desktop\parsing\work\arceagerparser[ver1.0.1]\arceagerparserproj\x64\release\srparser.obj
e:\desktop\parsing\work\arceagerparser[ver1.0.1]\arceagerparserproj\x64\release\parsertester.obj
e:\desktop\parsing\work\arceagerparser[ver1.0.1]\arceagerparserproj\x64\release\main.obj
e:\desktop\parsing\work\arceagerparser[ver1.0.1]\arceagerparserproj\x64\release\common.obj
e:\desktop\parsing\work\arceagerparser[ver1.0.1]\arceagerparserproj\x64\release\treelstm.obj
e:\desktop\parsing\work\arceagerparser[ver1.0.1]\arceagerparserproj\x64\release\training.obj
e:\desktop\parsing\work\arceagerparser[ver1.1.1]\arceagerparserproj\x64\release\vc140.pdb
e:\desktop\parsing\work\arceagerparser[ver1.1.1]\arceagerparserproj\x64\release\tensor.obj
e:\desktop\parsing\work\arceagerparser[ver1.1.1]\arceagerparserproj\x64\release\shadow-params.obj
e:\desktop\parsing\work\arceagerparser[ver1.1.1]\arceagerparserproj\x64\release\rnn.obj
e:\desktop\parsing\work\arceagerparser[ver1.1.1]\arceagerparserproj\x64\release\rnn-state-machine.obj
e:\desktop\parsing\work\arceagerparser[ver1.1.1]\arceagerparserproj\x64\release\param-nodes.obj
e:\desktop\parsing\work\arceagerparser[ver1.1.1]\arceagerparserproj\x64\release\nodes.obj
e:\desktop\parsing\work\arceagerparser[ver1.1.1]\arceagerparserproj\x64\release\nodes-common.obj
e:\desktop\parsing\work\arceagerparser[ver1.1.1]\arceagerparserproj\x64\release\model.obj
e:\desktop\parsing\work\arceagerparser[ver1.1.1]\arceagerparserproj\x64\release\lstm.obj
e:\desktop\parsing\work\arceagerparser[ver1.1.1]\arceagerparserproj\x64\release\init.obj
e:\desktop\parsing\work\arceagerparser[ver1.1.1]\arceagerparserproj\x64\release\gru.obj
e:\desktop\parsing\work\arceagerparser[ver1.1.1]\arceagerparserproj\x64\release\graph.obj
e:\desktop\parsing\work\arceagerparser[ver1.1.1]\arceagerparserproj\x64\release\grad-check.obj
e:\desktop\parsing\work\arceagerparser[ver1.1.1]\arceagerparserproj\x64\release\expr.obj
e:\desktop\parsing\work\arceagerparser[ver1.1.1]\arceagerparserproj\x64\release\exec.obj
e:\desktop\parsing\work\arceagerparser[ver1.1.1]\arceagerparserproj\x64\release\dim.obj
e:\desktop\parsing\work\arceagerparser[ver1.1.1]\arceagerparserproj\x64\release\dict.obj
e:\desktop\parsing\work\arceagerparser[ver1.1.1]\arceagerparserproj\x64\release\deep-lstm.obj
e:\desktop\parsing\work\arceagerparser[ver1.1.1]\arceagerparserproj\x64\release\conv.obj
e:\desktop\parsing\work\arceagerparser[ver1.1.1]\arceagerparserproj\x64\release\cnn.obj
e:\desktop\parsing\work\arceagerparser[ver1.1.1]\arceagerparserproj\x64\release\util.obj
e:\desktop\parsing\work\arceagerparser[ver1.1.1]\arceagerparserproj\x64\release\treereader.obj
e:\desktop\parsing\work\arceagerparser[ver1.1.1]\arceagerparserproj\x64\release\parsertrainer.obj
e:\desktop\parsing\work\arceagerparser[ver1.1.1]\arceagerparserproj\x64\release\srparser.obj
e:\desktop\parsing\work\arceagerparser[ver1.1.1]\arceagerparserproj\x64\release\parsertester.obj
e:\desktop\parsing\work\arceagerparser[ver1.1.1]\arceagerparserproj\x64\release\main.obj
e:\desktop\parsing\work\arceagerparser[ver1.1.1]\arceagerparserproj\x64\release\common.obj
e:\desktop\parsing\work\arceagerparser[ver1.1.1]\arceagerparserproj\x64\release\treelstm.obj
e:\desktop\parsing\work\arceagerparser[ver1.1.1]\arceagerparserproj\x64\release\training.obj
e:\desktop\parsing\work\arceagerparser[ver1.1.1]\arceagerparserproj\x64\release\predicttreeembedding.obj
e:\desktop\parsing\work\arceagerparser[ver1.1.1]\arceagerparserproj\x64\release\locallstm2.obj
c:\users\wu\appdata\locallow\microsoft\cryptneturlcache\metadata\5457a8ce4b2a7499f8299a013b6e1c7c_ce50f893881d43dc0c815e4d80faf2b4
c:\users\wu\appdata\locallow\microsoft\cryptneturlcache\metadata\5080dc7a65db6a5960ecd874088f3328_da0ac6c3213d3f67edaaea42522aad0d
c:\users\wu\appdata\local\temp\irmagent.log
c:\users\wu\appdata\locallow\microsoft\cryptneturlcache\content\5080dc7a65db6a5960ecd874088f3328_da0ac6c3213d3f67edaaea42522aad0d
c:\users\wu\appdata\locallow\microsoft\cryptneturlcache\content\5457a8ce4b2a7499f8299a013b6e1c7c_ce50f893881d43dc0c815e4d80faf2b4
e:\desktop\parsing\work\arceagerparser[ver1.0.1]\x64\release\arceagerparser[v1.3].exe
e:\desktop\parsing\work\arceagerparser[ver1.0.1]\x64\release\arceagerparser[v1.3].ipdb
e:\desktop\parsing\work\arceagerparser[ver1.0.1]\x64\release\arceagerparser[v1.3].iobj
e:\desktop\parsing\work\arceagerparser[ver1.0.1]\x64\release\arceagerparser[v1.3].pdb
e:\desktop\parsing\work\arceagerparser[ver1.1.1]\x64\release\arceagerparser[v1.1.1].exe
e:\desktop\parsing\work\arceagerparser[ver1.1.1]\x64\release\arceagerparser[v1.1.1].ipdb
e:\desktop\parsing\work\arceagerparser[ver1.1.1]\x64\release\arceagerparser[v1.1.1].iobj
e:\desktop\parsing\work\arceagerparser[ver1.1.1]\x64\release\arceagerparser[v1.1.1].pdb
e:\desktop\parsing\work\arceagerparser[ver1.1.1]\arceagerparserproj\x64\release\arceager.3079ffbc.tlog\arceagerparser[v1.1,1].write.1u.tlog
e:\desktop\parsing\work\arceagerparser[ver1.1.1]\arceagerparserproj\x64\release\arceager.3079ffbc.tlog\arceagerparser[v1.1.1].write.1u.tlog
e:\desktop\parsing\work\arceagerparser[ver1.1.1]\arceagerparserproj\x64\release\arceager.3079ffbc.tlog\arceagerparser[v1.3].write.1u.tlog
e:\desktop\parsing\work\arceagerparser[ver1.1.1]\arceagerparserproj\x64\release\arceager.3079ffbc.tlog\cl.command.1.tlog
e:\desktop\parsing\work\arceagerparser[ver1.1.1]\arceagerparserproj\x64\release\arceager.3079ffbc.tlog\cl.read.1.tlog
e:\desktop\parsing\work\arceagerparser[ver1.1.1]\arceagerparserproj\x64\release\arceager.3079ffbc.tlog\cl.write.1.tlog
e:\desktop\parsing\work\arceagerparser[ver1.1.1]\arceagerparserproj\x64\release\arceager.3079ffbc.tlog\icl-intelremotemonserver-intelremotemonagent-intelremotemonagent2.read.1.tlog
e:\desktop\parsing\work\arceagerparser[ver1.1.1]\arceagerparserproj\x64\release\arceager.3079ffbc.tlog\icl-intelremotemonserver-intelremotemonagent-intelremotemonagent2.read.10.tlog
e:\desktop\parsing\work\arceagerparser[ver1.1.1]\arceagerparserproj\x64\release\arceager.3079ffbc.tlog\icl-intelremotemonserver-intelremotemonagent-intelremotemonagent2.read.7.tlog
e:\desktop\parsing\work\arceagerparser[ver1.1.1]\arceagerparserproj\x64\release\arceager.3079ffbc.tlog\icl-intelremotemonserver-intelremotemonagent-intelremotemonagent2.write.1.tlog
e:\desktop\parsing\work\arceagerparser[ver1.1.1]\arceagerparserproj\x64\release\arceager.3079ffbc.tlog\icl-intelremotemonserver-intelremotemonagent-intelremotemonagent2.write.10.tlog
e:\desktop\parsing\work\arceagerparser[ver1.1.1]\arceagerparserproj\x64\release\arceager.3079ffbc.tlog\icl-intelremotemonserver-intelremotemonagent-intelremotemonagent2.write.7.tlog
e:\desktop\parsing\work\arceagerparser[ver1.1.1]\arceagerparserproj\x64\release\arceager.3079ffbc.tlog\icl-intelremotemonserver-intelremotemonagent.read.1.tlog
e:\desktop\parsing\work\arceagerparser[ver1.1.1]\arceagerparserproj\x64\release\arceager.3079ffbc.tlog\icl-intelremotemonserver-intelremotemonagent.read.2.tlog
e:\desktop\parsing\work\arceagerparser[ver1.1.1]\arceagerparserproj\x64\release\arceager.3079ffbc.tlog\icl-intelremotemonserver-intelremotemonagent.read.3.tlog
e:\desktop\parsing\work\arceagerparser[ver1.1.1]\arceagerparserproj\x64\release\arceager.3079ffbc.tlog\icl-intelremotemonserver-intelremotemonagent.write.2.tlog
e:\desktop\parsing\work\arceagerparser[ver1.1.1]\arceagerparserproj\x64\release\arceager.3079ffbc.tlog\icl-intelremotemonserver.read.1.tlog
e:\desktop\parsing\work\arceagerparser[ver1.1.1]\arceagerparserproj\x64\release\arceager.3079ffbc.tlog\icl-intelremotemonserver.read.2.tlog
e:\desktop\parsing\work\arceagerparser[ver1.1.1]\arceagerparserproj\x64\release\arceager.3079ffbc.tlog\icl-intelremotemonserver.read.5.tlog
e:\desktop\parsing\work\arceagerparser[ver1.1.1]\arceagerparserproj\x64\release\arceager.3079ffbc.tlog\icl-intelremotemonserver.read.6.tlog
e:\desktop\parsing\work\arceagerparser[ver1.1.1]\arceagerparserproj\x64\release\arceager.3079ffbc.tlog\icl-intelremotemonserver.write.2.tlog
e:\desktop\parsing\work\arceagerparser[ver1.1.1]\arceagerparserproj\x64\release\arceager.3079ffbc.tlog\icl-intelremotemonserver.write.5.tlog
e:\desktop\parsing\work\arceagerparser[ver1.1.1]\arceagerparserproj\x64\release\arceager.3079ffbc.tlog\link.command.1.tlog
e:\desktop\parsing\work\arceagerparser[ver1.1.1]\arceagerparserproj\x64\release\arceager.3079ffbc.tlog\link.read.1.tlog
e:\desktop\parsing\work\arceagerparser[ver1.1.1]\arceagerparserproj\x64\release\arceager.3079ffbc.tlog\link.write.1.tlog
