C:\Program Files (x86)\MSBuild\Microsoft.Cpp\v4.0\V140\Microsoft.CppBuild.targets(392,5): warning MSB8028: The intermediate directory (x64\Release\) contains files shared from another project (ArcEagerParser[V1.1,1].vcxproj, ArcEagerParser[V1.1.1].vcxproj, ArcEagerParser[V1.2].vcxproj, ArcEagerParser[V1.3].vcxproj, ShiftReduceParser.vcxproj).  This can lead to incorrect clean and rebuild behavior.
  cnn.cc
  conv.cc
  deep-lstm.cc
  dict.cc
  dim.cc
  exec.cc
  expr.cc
  grad-check.cc
  graph.cc
  gru.cc
  init.cc
  lstm.cc
  model.cc
E:\Desktop\Parsing\work\CRFParser\boost_1_59_0\boost/archive/detail/iserializer.hpp(64): warning #3199: "defined" is always false in a macro expansion in Microsoft mode
    #if ! DONT_USE_HAS_NEW_OPERATOR
          ^
  
E:\Desktop\Parsing\work\CRFParser\boost_1_59_0\boost/archive/detail/iserializer.hpp(207): warning #3199: "defined" is always false in a macro expansion in Microsoft mode
        #if DONT_USE_HAS_NEW_OPERATOR
            ^
  
  nodes-common.cc
  nodes.cc
  param-nodes.cc
  rnn-state-machine.cc
  rnn.cc
  shadow-params.cc
  tensor.cc
  training.cc
  treelstm.cc
  common.cpp
E:\Desktop\Parsing\work\CRFParser\boost_1_59_0\boost/archive/detail/iserializer.hpp(64): warning #3199: "defined" is always false in a macro expansion in Microsoft mode
    #if ! DONT_USE_HAS_NEW_OPERATOR
          ^
  
E:\Desktop\Parsing\work\CRFParser\boost_1_59_0\boost/archive/detail/iserializer.hpp(207): warning #3199: "defined" is always false in a macro expansion in Microsoft mode
        #if DONT_USE_HAS_NEW_OPERATOR
            ^
  
  main.cpp
E:\Desktop\Parsing\work\CRFParser\boost_1_59_0\boost/archive/detail/iserializer.hpp(64): warning #3199: "defined" is always false in a macro expansion in Microsoft mode
    #if ! DONT_USE_HAS_NEW_OPERATOR
          ^
  
E:\Desktop\Parsing\work\CRFParser\boost_1_59_0\boost/archive/detail/iserializer.hpp(207): warning #3199: "defined" is always false in a macro expansion in Microsoft mode
        #if DONT_USE_HAS_NEW_OPERATOR
            ^
  
  ParserTester.cpp
E:\Desktop\Parsing\work\CRFParser\boost_1_59_0\boost/archive/detail/iserializer.hpp(64): warning #3199: "defined" is always false in a macro expansion in Microsoft mode
    #if ! DONT_USE_HAS_NEW_OPERATOR
          ^
  
E:\Desktop\Parsing\work\CRFParser\boost_1_59_0\boost/archive/detail/iserializer.hpp(207): warning #3199: "defined" is always false in a macro expansion in Microsoft mode
        #if DONT_USE_HAS_NEW_OPERATOR
            ^
  
  PredictTreeEmbedding.cpp
E:\Desktop\Parsing\work\CRFParser\boost_1_59_0\boost/archive/detail/iserializer.hpp(64): warning #3199: "defined" is always false in a macro expansion in Microsoft mode
    #if ! DONT_USE_HAS_NEW_OPERATOR
          ^
  
E:\Desktop\Parsing\work\CRFParser\boost_1_59_0\boost/archive/detail/iserializer.hpp(207): warning #3199: "defined" is always false in a macro expansion in Microsoft mode
        #if DONT_USE_HAS_NEW_OPERATOR
            ^
  
  LocalLSTM2.cpp
  SRParser.cpp
E:\Desktop\Parsing\work\CRFParser\boost_1_59_0\boost/archive/detail/iserializer.hpp(64): warning #3199: "defined" is always false in a macro expansion in Microsoft mode
    #if ! DONT_USE_HAS_NEW_OPERATOR
          ^
  
E:\Desktop\Parsing\work\CRFParser\boost_1_59_0\boost/archive/detail/iserializer.hpp(207): warning #3199: "defined" is always false in a macro expansion in Microsoft mode
        #if DONT_USE_HAS_NEW_OPERATOR
            ^
  
  ParserTrainer.cpp
E:\Desktop\Parsing\work\CRFParser\boost_1_59_0\boost/archive/detail/iserializer.hpp(64): warning #3199: "defined" is always false in a macro expansion in Microsoft mode
    #if ! DONT_USE_HAS_NEW_OPERATOR
          ^
  
E:\Desktop\Parsing\work\CRFParser\boost_1_59_0\boost/archive/detail/iserializer.hpp(207): warning #3199: "defined" is always false in a macro expansion in Microsoft mode
        #if DONT_USE_HAS_NEW_OPERATOR
            ^
  
  TreeReader.cpp
E:\Desktop\Parsing\work\CRFParser\boost_1_59_0\boost/archive/detail/iserializer.hpp(64): warning #3199: "defined" is always false in a macro expansion in Microsoft mode
    #if ! DONT_USE_HAS_NEW_OPERATOR
          ^
  
E:\Desktop\Parsing\work\CRFParser\boost_1_59_0\boost/archive/detail/iserializer.hpp(207): warning #3199: "defined" is always false in a macro expansion in Microsoft mode
        #if DONT_USE_HAS_NEW_OPERATOR
            ^
  
  util.cpp
E:\Desktop\Parsing\work\CRFParser\boost_1_59_0\boost/archive/detail/iserializer.hpp(64): warning #3199: "defined" is always false in a macro expansion in Microsoft mode
    #if ! DONT_USE_HAS_NEW_OPERATOR
          ^
  
E:\Desktop\Parsing\work\CRFParser\boost_1_59_0\boost/archive/detail/iserializer.hpp(207): warning #3199: "defined" is always false in a macro expansion in Microsoft mode
        #if DONT_USE_HAS_NEW_OPERATOR
            ^
  
util.cpp(71): warning #1011: missing return statement at end of non-void function "util::load_EmbedDict"
    }
    ^
  
     Creating library E:\Desktop\Parsing\work\ArcEagerParser[Ver1.1.2]\x64\Release\ArcEagerParser[V1.1.2].lib and object E:\Desktop\Parsing\work\ArcEagerParser[Ver1.1.2]\x64\Release\ArcEagerParser[V1.1.2].exp
  ArcEagerParser.vcxproj -> E:\Desktop\Parsing\work\ArcEagerParser[Ver1.1.2]\x64\Release\ArcEagerParser[V1.1.2].exe
