e:\desktop\parsing\work\run_path\crfparser[ver1.0.8]\x64\release\crfparser[v1.0.8].lib
e:\desktop\parsing\work\run_path\crfparser[ver1.0.8]\x64\release\crfparser[v1.0.8].exp
c:\users\wu\appdata\local\temp\irmagent.log
e:\desktop\parsing\work\run_path[embedding]\crfparser_gs[ver1.0.8]\crfparser\x64\release\cnn.obj
e:\desktop\parsing\work\run_path\crfparser[ver1.0.8]\crfparser\x64\release\cnn.obj
e:\desktop\parsing\work\run_path\crfparser[ver1.0.8]\crfparser\x64\release\conv.obj
e:\desktop\parsing\work\run_path\crfparser[ver1.0.8]\crfparser\x64\release\deep-lstm.obj
e:\desktop\parsing\work\run_path\crfparser[ver1.0.8]\crfparser\x64\release\dict.obj
e:\desktop\parsing\work\run_path\crfparser[ver1.0.8]\crfparser\x64\release\dim.obj
e:\desktop\parsing\work\run_path\crfparser[ver1.0.8]\crfparser\x64\release\exec.obj
e:\desktop\parsing\work\run_path\crfparser[ver1.0.8]\crfparser\x64\release\expr.obj
e:\desktop\parsing\work\run_path\crfparser[ver1.0.8]\crfparser\x64\release\grad-check.obj
e:\desktop\parsing\work\run_path\crfparser[ver1.0.8]\crfparser\x64\release\graph.obj
e:\desktop\parsing\work\run_path\crfparser[ver1.0.8]\crfparser\x64\release\gru.obj
e:\desktop\parsing\work\run_path\crfparser[ver1.0.8]\crfparser\x64\release\init.obj
e:\desktop\parsing\work\run_path\crfparser[ver1.0.8]\crfparser\x64\release\lstm.obj
e:\desktop\parsing\work\run_path\crfparser[ver1.0.8]\crfparser\x64\release\model.obj
e:\desktop\parsing\work\run_path\crfparser[ver1.0.8]\crfparser\x64\release\nodes-common.obj
e:\desktop\parsing\work\run_path\crfparser[ver1.0.8]\crfparser\x64\release\nodes.obj
e:\desktop\parsing\work\run_path\crfparser[ver1.0.8]\crfparser\x64\release\param-nodes.obj
e:\desktop\parsing\work\run_path\crfparser[ver1.0.8]\crfparser\x64\release\rnn-state-machine.obj
e:\desktop\parsing\work\run_path\crfparser[ver1.0.8]\crfparser\x64\release\rnn.obj
e:\desktop\parsing\work\run_path\crfparser[ver1.0.8]\crfparser\x64\release\shadow-params.obj
e:\desktop\parsing\work\run_path\crfparser[ver1.0.8]\crfparser\x64\release\tensor.obj
e:\desktop\parsing\work\run_path\crfparser[ver1.0.8]\crfparser\x64\release\training.obj
e:\desktop\parsing\work\run_path\crfparser[ver1.0.8]\crfparser\x64\release\treelstm.obj
e:\desktop\parsing\work\run_path\crfparser[ver1.0.8]\crfparser\x64\release\commoncrf.obj
e:\desktop\parsing\work\run_path\crfparser[ver1.0.8]\crfparser\x64\release\eisner.obj
e:\desktop\parsing\work\run_path\crfparser[ver1.0.8]\crfparser\x64\release\eisnerl.obj
e:\desktop\parsing\work\run_path\crfparser[ver1.0.8]\crfparser\x64\release\encoder.obj
e:\desktop\parsing\work\run_path\crfparser[ver1.0.8]\crfparser\x64\release\labelparsercrf.obj
e:\desktop\parsing\work\run_path\crfparser[ver1.0.8]\crfparser\x64\release\layerscrf.obj
e:\desktop\parsing\work\run_path\crfparser[ver1.0.8]\crfparser\x64\release\main.obj
e:\desktop\parsing\work\run_path\crfparser[ver1.0.8]\crfparser\x64\release\locallstm2.obj
e:\desktop\parsing\work\run_path\crfparser[ver1.0.8]\crfparser\x64\release\treereadercrf.obj
e:\desktop\parsing\work\run_path\crfparser[ver1.0.8]\crfparser\x64\release\unlabelparsercrf.obj
e:\desktop\parsing\work\run_path\crfparser[ver1.0.8]\crfparser\x64\release\util.obj
c:\users\wu\appdata\local\temp\lnk{24688af8-ea20-492f-9ee0-aca155967950}.tmp
e:\desktop\parsing\work\run_path\crfparser[ver1.0.8]\x64\release\crfparser[v1.0.8].exe
e:\desktop\parsing\work\run_path\crfparser[ver1.0.8]\x64\release\crfparser[v1.0.8].pdb
e:\desktop\parsing\work\run_path[embedding]\crfparser_gs[ver1.0.8]\crfparser\x64\release\commoncrf.obj
e:\desktop\parsing\work\run_path[embedding]\crfparser_gs[ver1.0.8]\crfparser\x64\release\conv.obj
e:\desktop\parsing\work\run_path[embedding]\crfparser_gs[ver1.0.8]\crfparser\x64\release\deep-lstm.obj
e:\desktop\parsing\work\run_path[embedding]\crfparser_gs[ver1.0.8]\crfparser\x64\release\dict.obj
e:\desktop\parsing\work\run_path[embedding]\crfparser_gs[ver1.0.8]\crfparser\x64\release\dim.obj
e:\desktop\parsing\work\run_path[embedding]\crfparser_gs[ver1.0.8]\crfparser\x64\release\eisner.obj
e:\desktop\parsing\work\run_path[embedding]\crfparser_gs[ver1.0.8]\crfparser\x64\release\eisnerl.obj
e:\desktop\parsing\work\run_path[embedding]\crfparser_gs[ver1.0.8]\crfparser\x64\release\encoder.obj
e:\desktop\parsing\work\run_path[embedding]\crfparser_gs[ver1.0.8]\crfparser\x64\release\exec.obj
e:\desktop\parsing\work\run_path[embedding]\crfparser_gs[ver1.0.8]\crfparser\x64\release\expr.obj
e:\desktop\parsing\work\run_path[embedding]\crfparser_gs[ver1.0.8]\crfparser\x64\release\grad-check.obj
e:\desktop\parsing\work\run_path[embedding]\crfparser_gs[ver1.0.8]\crfparser\x64\release\graph.obj
e:\desktop\parsing\work\run_path[embedding]\crfparser_gs[ver1.0.8]\crfparser\x64\release\gru.obj
e:\desktop\parsing\work\run_path[embedding]\crfparser_gs[ver1.0.8]\crfparser\x64\release\init.obj
e:\desktop\parsing\work\run_path[embedding]\crfparser_gs[ver1.0.8]\crfparser\x64\release\labelparsercrf.obj
e:\desktop\parsing\work\run_path[embedding]\crfparser_gs[ver1.0.8]\crfparser\x64\release\layerscrf.obj
e:\desktop\parsing\work\run_path[embedding]\crfparser_gs[ver1.0.8]\crfparser\x64\release\locallstm2.obj
e:\desktop\parsing\work\run_path[embedding]\crfparser_gs[ver1.0.8]\crfparser\x64\release\lstm.obj
e:\desktop\parsing\work\run_path[embedding]\crfparser_gs[ver1.0.8]\crfparser\x64\release\main.obj
e:\desktop\parsing\work\run_path[embedding]\crfparser_gs[ver1.0.8]\crfparser\x64\release\model.obj
e:\desktop\parsing\work\run_path[embedding]\crfparser_gs[ver1.0.8]\crfparser\x64\release\nodes-common.obj
e:\desktop\parsing\work\run_path[embedding]\crfparser_gs[ver1.0.8]\crfparser\x64\release\nodes.obj
e:\desktop\parsing\work\run_path[embedding]\crfparser_gs[ver1.0.8]\crfparser\x64\release\param-nodes.obj
e:\desktop\parsing\work\run_path[embedding]\crfparser_gs[ver1.0.8]\crfparser\x64\release\rnn-state-machine.obj
e:\desktop\parsing\work\run_path[embedding]\crfparser_gs[ver1.0.8]\crfparser\x64\release\rnn.obj
e:\desktop\parsing\work\run_path[embedding]\crfparser_gs[ver1.0.8]\crfparser\x64\release\shadow-params.obj
e:\desktop\parsing\work\run_path[embedding]\crfparser_gs[ver1.0.8]\crfparser\x64\release\tensor.obj
e:\desktop\parsing\work\run_path[embedding]\crfparser_gs[ver1.0.8]\crfparser\x64\release\training.obj
e:\desktop\parsing\work\run_path[embedding]\crfparser_gs[ver1.0.8]\crfparser\x64\release\treelstm.obj
e:\desktop\parsing\work\run_path[embedding]\crfparser_gs[ver1.0.8]\crfparser\x64\release\treereadercrf.obj
e:\desktop\parsing\work\run_path[embedding]\crfparser_gs[ver1.0.8]\crfparser\x64\release\unlabelparsercrf.obj
e:\desktop\parsing\work\run_path[embedding]\crfparser_gs[ver1.0.8]\crfparser\x64\release\util.obj
e:\desktop\parsing\work\run_path[embedding]\crfparser_gs[ver1.0.8]\crfparser\x64\release\crfparse.3079ffbc.tlog\crfparser[v1.0.8].write.1u.tlog
e:\desktop\parsing\work\run_path[embedding]\crfparser_gs[ver1.0.8]\crfparser\x64\release\crfparse.3079ffbc.tlog\icl-intelremotemonserver-intelremotemonagent-intelremotemonagent2.read.1.tlog
e:\desktop\parsing\work\run_path[embedding]\crfparser_gs[ver1.0.8]\crfparser\x64\release\crfparse.3079ffbc.tlog\icl-intelremotemonserver-intelremotemonagent-intelremotemonagent2.write.1.tlog
e:\desktop\parsing\work\run_path[embedding]\crfparser_gs[ver1.0.8]\crfparser\x64\release\crfparse.3079ffbc.tlog\icl-intelremotemonserver-intelremotemonagent.read.1.tlog
e:\desktop\parsing\work\run_path[embedding]\crfparser_gs[ver1.0.8]\crfparser\x64\release\crfparse.3079ffbc.tlog\icl-intelremotemonserver-intelremotemonagent.read.2.tlog
e:\desktop\parsing\work\run_path[embedding]\crfparser_gs[ver1.0.8]\crfparser\x64\release\crfparse.3079ffbc.tlog\icl-intelremotemonserver-intelremotemonagent.read.3.tlog
e:\desktop\parsing\work\run_path[embedding]\crfparser_gs[ver1.0.8]\crfparser\x64\release\crfparse.3079ffbc.tlog\icl-intelremotemonserver-intelremotemonagent.write.2.tlog
e:\desktop\parsing\work\run_path[embedding]\crfparser_gs[ver1.0.8]\crfparser\x64\release\crfparse.3079ffbc.tlog\icl-intelremotemonserver.read.1.tlog
e:\desktop\parsing\work\run_path[embedding]\crfparser_gs[ver1.0.8]\crfparser\x64\release\crfparse.3079ffbc.tlog\icl-intelremotemonserver.read.12.tlog
e:\desktop\parsing\work\run_path[embedding]\crfparser_gs[ver1.0.8]\crfparser\x64\release\crfparse.3079ffbc.tlog\icl-intelremotemonserver.read.13.tlog
e:\desktop\parsing\work\run_path[embedding]\crfparser_gs[ver1.0.8]\crfparser\x64\release\crfparse.3079ffbc.tlog\icl-intelremotemonserver.read.2.tlog
e:\desktop\parsing\work\run_path[embedding]\crfparser_gs[ver1.0.8]\crfparser\x64\release\crfparse.3079ffbc.tlog\icl-intelremotemonserver.write.12.tlog
e:\desktop\parsing\work\run_path[embedding]\crfparser_gs[ver1.0.8]\crfparser\x64\release\crfparse.3079ffbc.tlog\icl-intelremotemonserver.write.2.tlog
e:\desktop\parsing\work\run_path[embedding]\crfparser_gs[ver1.0.8]\crfparser\x64\release\crfparse.3079ffbc.tlog\icl-mcpcom.read.1.tlog
e:\desktop\parsing\work\run_path[embedding]\crfparser_gs[ver1.0.8]\crfparser\x64\release\crfparse.3079ffbc.tlog\icl-mcpcom.write.1.tlog
e:\desktop\parsing\work\run_path[embedding]\crfparser_gs[ver1.0.8]\crfparser\x64\release\crfparse.3079ffbc.tlog\icl.command.1.tlog
e:\desktop\parsing\work\run_path[embedding]\crfparser_gs[ver1.0.8]\crfparser\x64\release\crfparse.3079ffbc.tlog\icl.read.1.tlog
e:\desktop\parsing\work\run_path[embedding]\crfparser_gs[ver1.0.8]\crfparser\x64\release\crfparse.3079ffbc.tlog\icl.write.1.tlog
e:\desktop\parsing\work\run_path[embedding]\crfparser_gs[ver1.0.8]\crfparser\x64\release\crfparse.3079ffbc.tlog\xilink-link-cvtres.read.1.tlog
e:\desktop\parsing\work\run_path[embedding]\crfparser_gs[ver1.0.8]\crfparser\x64\release\crfparse.3079ffbc.tlog\xilink-link-cvtres.write.1.tlog
e:\desktop\parsing\work\run_path[embedding]\crfparser_gs[ver1.0.8]\crfparser\x64\release\crfparse.3079ffbc.tlog\xilink-link-rc.read.1.tlog
e:\desktop\parsing\work\run_path[embedding]\crfparser_gs[ver1.0.8]\crfparser\x64\release\crfparse.3079ffbc.tlog\xilink-link-rc.write.1.tlog
e:\desktop\parsing\work\run_path[embedding]\crfparser_gs[ver1.0.8]\crfparser\x64\release\crfparse.3079ffbc.tlog\xilink-link.read.1.tlog
e:\desktop\parsing\work\run_path[embedding]\crfparser_gs[ver1.0.8]\crfparser\x64\release\crfparse.3079ffbc.tlog\xilink-link.read.2.tlog
e:\desktop\parsing\work\run_path[embedding]\crfparser_gs[ver1.0.8]\crfparser\x64\release\crfparse.3079ffbc.tlog\xilink-link.write.1.tlog
e:\desktop\parsing\work\run_path[embedding]\crfparser_gs[ver1.0.8]\crfparser\x64\release\crfparse.3079ffbc.tlog\xilink-mcpcom.read.1.tlog
e:\desktop\parsing\work\run_path[embedding]\crfparser_gs[ver1.0.8]\crfparser\x64\release\crfparse.3079ffbc.tlog\xilink-mcpcom.write.1.tlog
e:\desktop\parsing\work\run_path[embedding]\crfparser_gs[ver1.0.8]\crfparser\x64\release\crfparse.3079ffbc.tlog\xilink.command.1.tlog
e:\desktop\parsing\work\run_path[embedding]\crfparser_gs[ver1.0.8]\crfparser\x64\release\crfparse.3079ffbc.tlog\xilink.read.1.tlog
e:\desktop\parsing\work\run_path[embedding]\crfparser_gs[ver1.0.8]\crfparser\x64\release\crfparse.3079ffbc.tlog\xilink.write.1.tlog
