e:\desktop\parsing\work\shiftreduceparser[ver1.0.1]\shiftreduceparserproj\x64\release\vc140.pdb
e:\desktop\parsing\work\shiftreduceparser[ver1.0.1]\shiftreduceparserproj\x64\release\shadow-params.obj
e:\desktop\parsing\work\shiftreduceparser[ver1.0.1]\shiftreduceparserproj\x64\release\saxe-init.obj
e:\desktop\parsing\work\shiftreduceparser[ver1.0.1]\shiftreduceparserproj\x64\release\rnn.obj
e:\desktop\parsing\work\shiftreduceparser[ver1.0.1]\shiftreduceparserproj\x64\release\rnn-state-machine.obj
e:\desktop\parsing\work\shiftreduceparser[ver1.0.1]\shiftreduceparserproj\x64\release\param-nodes.obj
e:\desktop\parsing\work\shiftreduceparser[ver1.0.1]\shiftreduceparserproj\x64\release\nodes.obj
e:\desktop\parsing\work\shiftreduceparser[ver1.0.1]\shiftreduceparserproj\x64\release\nodes-common.obj
e:\desktop\parsing\work\shiftreduceparser[ver1.0.1]\shiftreduceparserproj\x64\release\model.obj
e:\desktop\parsing\work\shiftreduceparser[ver1.0.1]\shiftreduceparserproj\x64\release\lstm.obj
e:\desktop\parsing\work\shiftreduceparser[ver1.0.1]\shiftreduceparserproj\x64\release\init.obj
e:\desktop\parsing\work\shiftreduceparser[ver1.0.1]\shiftreduceparserproj\x64\release\gru.obj
e:\desktop\parsing\work\shiftreduceparser[ver1.0.1]\shiftreduceparserproj\x64\release\graph.obj
e:\desktop\parsing\work\shiftreduceparser[ver1.0.1]\shiftreduceparserproj\x64\release\grad-check.obj
e:\desktop\parsing\work\shiftreduceparser[ver1.0.1]\shiftreduceparserproj\x64\release\expr.obj
e:\desktop\parsing\work\shiftreduceparser[ver1.0.1]\shiftreduceparserproj\x64\release\exec.obj
e:\desktop\parsing\work\shiftreduceparser[ver1.0.1]\shiftreduceparserproj\x64\release\dim.obj
e:\desktop\parsing\work\shiftreduceparser[ver1.0.1]\shiftreduceparserproj\x64\release\dict.obj
e:\desktop\parsing\work\shiftreduceparser[ver1.0.1]\shiftreduceparserproj\x64\release\deep-lstm.obj
e:\desktop\parsing\work\shiftreduceparser[ver1.0.1]\shiftreduceparserproj\x64\release\conv.obj
e:\desktop\parsing\work\shiftreduceparser[ver1.0.1]\shiftreduceparserproj\x64\release\cnn.obj
e:\desktop\parsing\work\shiftreduceparser[ver1.0.1]\shiftreduceparserproj\x64\release\util.obj
e:\desktop\parsing\work\shiftreduceparser[ver1.0.1]\shiftreduceparserproj\x64\release\srparserkbest.obj
e:\desktop\parsing\work\shiftreduceparser[ver1.0.1]\shiftreduceparserproj\x64\release\parsertrainer.obj
e:\desktop\parsing\work\shiftreduceparser[ver1.0.1]\shiftreduceparserproj\x64\release\srparser.obj
e:\desktop\parsing\work\shiftreduceparser[ver1.0.1]\shiftreduceparserproj\x64\release\parsertester.obj
e:\desktop\parsing\work\shiftreduceparser[ver1.0.1]\shiftreduceparserproj\x64\release\main.obj
e:\desktop\parsing\work\shiftreduceparser[ver1.0.1]\shiftreduceparserproj\x64\release\kbestrlstm.obj
e:\desktop\parsing\work\shiftreduceparser[ver1.0.1]\shiftreduceparserproj\x64\release\corpus.obj
e:\desktop\parsing\work\shiftreduceparser[ver1.0.1]\shiftreduceparserproj\x64\release\common.obj
e:\desktop\parsing\work\shiftreduceparser[ver1.0.1]\shiftreduceparserproj\x64\release\treelstm.obj
e:\desktop\parsing\work\shiftreduceparser[ver1.0.1]\shiftreduceparserproj\x64\release\training.obj
e:\desktop\parsing\work\shiftreduceparser[ver1.0.1]\shiftreduceparserproj\x64\release\tensor.obj
e:\desktop\parsing\work\shiftreduceparser[ver1.0.1]\x64\release\shiftreduceparser.lib
e:\desktop\parsing\work\shiftreduceparser[ver1.0.1]\x64\release\shiftreduceparser.exp
e:\desktop\parsing\work\shiftreduceparser[ver1.0.1]\shiftreduceparserproj\x64\release\vc120.pdb
e:\desktop\parsing\work\shiftreduceparser[ver1.0.1]\x64\release\shiftreduceparser.pdb
e:\desktop\parsing\work\shiftreduceparser[ver1.0.1]\shiftreduceparserproj\x64\release\shiftred.3079ffbc.tlog\cl.command.1.tlog
e:\desktop\parsing\work\shiftreduceparser[ver1.0.1]\shiftreduceparserproj\x64\release\shiftred.3079ffbc.tlog\cl.read.1.tlog
e:\desktop\parsing\work\shiftreduceparser[ver1.0.1]\shiftreduceparserproj\x64\release\shiftred.3079ffbc.tlog\cl.write.1.tlog
e:\desktop\parsing\work\shiftreduceparser[ver1.0.1]\shiftreduceparserproj\x64\release\shiftred.3079ffbc.tlog\link.command.1.tlog
e:\desktop\parsing\work\shiftreduceparser[ver1.0.1]\shiftreduceparserproj\x64\release\shiftred.3079ffbc.tlog\link.read.1.tlog
e:\desktop\parsing\work\shiftreduceparser[ver1.0.1]\shiftreduceparserproj\x64\release\shiftred.3079ffbc.tlog\link.write.1.tlog
e:\desktop\parsing\work\shiftreduceparser[ver1.0.1]\shiftreduceparserproj\x64\release\shiftred.3079ffbc.tlog\shiftreduceparser.write.1u.tlog
